{"C:\\Users\\Dharmi\\OneDrive\\Desktop\\Backend_Project 2\\indian_law_penal_code_patel_dharmi\\backend\\server.js": {"path":"C:\\Users\\Dharmi\\OneDrive\\Desktop\\Backend_Project 2\\indian_law_penal_code_patel_dharmi\\backend\\server.js","statementMap":{"0":{"start":{"line":1,"column":16},"end":{"line":1,"column":34}},"1":{"start":{"line":2,"column":13},"end":{"line":2,"column":28}},"2":{"start":{"line":3,"column":15},"end":{"line":3,"column":32}},"3":{"start":{"line":4,"column":18},"end":{"line":4,"column":47}},"4":{"start":{"line":5,"column":15},"end":{"line":5,"column":32}},"5":{"start":{"line":6,"column":18},"end":{"line":6,"column":44}},"6":{"start":{"line":7,"column":30},"end":{"line":7,"column":57}},"7":{"start":{"line":8,"column":24},"end":{"line":8,"column":69}},"8":{"start":{"line":9,"column":25},"end":{"line":9,"column":71}},"9":{"start":{"line":12,"column":0},"end":{"line":12,"column":16}},"10":{"start":{"line":15,"column":0},"end":{"line":15,"column":14}},"11":{"start":{"line":18,"column":0},"end":{"line":18,"column":12}},"12":{"start":{"line":20,"column":12},"end":{"line":20,"column":21}},"13":{"start":{"line":23,"column":16},"end":{"line":33,"column":2}},"14":{"start":{"line":36,"column":0},"end":{"line":36,"column":18}},"15":{"start":{"line":37,"column":0},"end":{"line":40,"column":4}},"16":{"start":{"line":41,"column":0},"end":{"line":41,"column":26}},"17":{"start":{"line":42,"column":0},"end":{"line":42,"column":24}},"18":{"start":{"line":43,"column":0},"end":{"line":43,"column":25}},"19":{"start":{"line":46,"column":19},"end":{"line":46,"column":57}},"20":{"start":{"line":47,"column":22},"end":{"line":47,"column":63}},"21":{"start":{"line":48,"column":21},"end":{"line":48,"column":61}},"22":{"start":{"line":49,"column":18},"end":{"line":49,"column":55}},"23":{"start":{"line":50,"column":19},"end":{"line":50,"column":57}},"24":{"start":{"line":51,"column":23},"end":{"line":51,"column":65}},"25":{"start":{"line":52,"column":24},"end":{"line":52,"column":67}},"26":{"start":{"line":53,"column":19},"end":{"line":53,"column":57}},"27":{"start":{"line":55,"column":0},"end":{"line":55,"column":36}},"28":{"start":{"line":56,"column":0},"end":{"line":56,"column":43}},"29":{"start":{"line":57,"column":0},"end":{"line":57,"column":40}},"30":{"start":{"line":58,"column":0},"end":{"line":58,"column":35}},"31":{"start":{"line":59,"column":0},"end":{"line":59,"column":37}},"32":{"start":{"line":60,"column":0},"end":{"line":60,"column":45}},"33":{"start":{"line":61,"column":0},"end":{"line":61,"column":46}},"34":{"start":{"line":62,"column":0},"end":{"line":62,"column":37}},"35":{"start":{"line":65,"column":0},"end":{"line":67,"column":3}},"36":{"start":{"line":66,"column":4},"end":{"line":66,"column":74}},"37":{"start":{"line":70,"column":0},"end":{"line":70,"column":25}},"38":{"start":{"line":72,"column":0},"end":{"line":74,"column":3}},"39":{"start":{"line":73,"column":4},"end":{"line":73,"column":82}},"40":{"start":{"line":76,"column":0},"end":{"line":76,"column":21}}},"fnMap":{"0":{"name":"(anonymous_0)","decl":{"start":{"line":65,"column":26},"end":{"line":65,"column":27}},"loc":{"start":{"line":65,"column":40},"end":{"line":67,"column":1}},"line":65},"1":{"name":"(anonymous_1)","decl":{"start":{"line":72,"column":17},"end":{"line":72,"column":18}},"loc":{"start":{"line":72,"column":23},"end":{"line":74,"column":1}},"line":72}},"branchMap":{"0":{"loc":{"start":{"line":38,"column":12},"end":{"line":38,"column":61}},"type":"binary-expr","locations":[{"start":{"line":38,"column":12},"end":{"line":38,"column":34}},{"start":{"line":38,"column":38},"end":{"line":38,"column":61}}],"line":38}},"s":{"0":9,"1":9,"2":9,"3":9,"4":9,"5":9,"6":9,"7":9,"8":9,"9":9,"10":9,"11":9,"12":9,"13":9,"14":9,"15":9,"16":9,"17":9,"18":9,"19":9,"20":9,"21":9,"22":9,"23":9,"24":9,"25":9,"26":9,"27":9,"28":9,"29":9,"30":9,"31":9,"32":9,"33":9,"34":9,"35":9,"36":3,"37":9,"38":9,"39":9,"40":9},"f":{"0":3,"1":9},"b":{"0":[9,0]},"_coverageSchema":"1a1c01bbd47fc00a2c39e90264f33305004495a9","hash":"09417959ab3e14099ee8a63f6806137c378829e4"}
,"C:\\Users\\Dharmi\\OneDrive\\Desktop\\Backend_Project 2\\indian_law_penal_code_patel_dharmi\\backend\\src\\config\\db.js": {"path":"C:\\Users\\Dharmi\\OneDrive\\Desktop\\Backend_Project 2\\indian_law_penal_code_patel_dharmi\\backend\\src\\config\\db.js","statementMap":{"0":{"start":{"line":1,"column":17},"end":{"line":1,"column":36}},"1":{"start":{"line":2,"column":15},"end":{"line":2,"column":32}},"2":{"start":{"line":4,"column":0},"end":{"line":4,"column":16}},"3":{"start":{"line":6,"column":18},"end":{"line":14,"column":1}},"4":{"start":{"line":7,"column":4},"end":{"line":13,"column":5}},"5":{"start":{"line":8,"column":21},"end":{"line":8,"column":66}},"6":{"start":{"line":9,"column":8},"end":{"line":9,"column":66}},"7":{"start":{"line":11,"column":8},"end":{"line":11,"column":49}},"8":{"start":{"line":12,"column":8},"end":{"line":12,"column":24}},"9":{"start":{"line":16,"column":0},"end":{"line":16,"column":27}}},"fnMap":{"0":{"name":"(anonymous_0)","decl":{"start":{"line":6,"column":18},"end":{"line":6,"column":19}},"loc":{"start":{"line":6,"column":30},"end":{"line":14,"column":1}},"line":6}},"branchMap":{},"s":{"0":9,"1":9,"2":9,"3":9,"4":9,"5":9,"6":9,"7":0,"8":0,"9":9},"f":{"0":9},"b":{},"_coverageSchema":"1a1c01bbd47fc00a2c39e90264f33305004495a9","hash":"1504e30dfba1cedabf877353f617c801b27d7ebe"}
,"C:\\Users\\Dharmi\\OneDrive\\Desktop\\Backend_Project 2\\indian_law_penal_code_patel_dharmi\\backend\\src\\config\\env.js": {"path":"C:\\Users\\Dharmi\\OneDrive\\Desktop\\Backend_Project 2\\indian_law_penal_code_patel_dharmi\\backend\\src\\config\\env.js","statementMap":{"0":{"start":{"line":1,"column":15},"end":{"line":1,"column":32}},"1":{"start":{"line":3,"column":0},"end":{"line":3,"column":16}},"2":{"start":{"line":5,"column":18},"end":{"line":12,"column":1}},"3":{"start":{"line":14,"column":20},"end":{"line":22,"column":1}},"4":{"start":{"line":15,"column":20},"end":{"line":15,"column":22}},"5":{"start":{"line":16,"column":4},"end":{"line":16,"column":56}},"6":{"start":{"line":16,"column":30},"end":{"line":16,"column":56}},"7":{"start":{"line":17,"column":4},"end":{"line":17,"column":58}},"8":{"start":{"line":17,"column":31},"end":{"line":17,"column":58}},"9":{"start":{"line":19,"column":4},"end":{"line":21,"column":5}},"10":{"start":{"line":20,"column":8},"end":{"line":20,"column":82}},"11":{"start":{"line":24,"column":0},"end":{"line":27,"column":2}}},"fnMap":{"0":{"name":"(anonymous_0)","decl":{"start":{"line":14,"column":20},"end":{"line":14,"column":21}},"loc":{"start":{"line":14,"column":26},"end":{"line":22,"column":1}},"line":14}},"branchMap":{"0":{"loc":{"start":{"line":6,"column":10},"end":{"line":6,"column":34}},"type":"binary-expr","locations":[{"start":{"line":6,"column":10},"end":{"line":6,"column":26}},{"start":{"line":6,"column":30},"end":{"line":6,"column":34}}],"line":6},"1":{"loc":{"start":{"line":9,"column":20},"end":{"line":9,"column":54}},"type":"binary-expr","locations":[{"start":{"line":9,"column":20},"end":{"line":9,"column":46}},{"start":{"line":9,"column":50},"end":{"line":9,"column":54}}],"line":9},"2":{"loc":{"start":{"line":10,"column":14},"end":{"line":10,"column":51}},"type":"binary-expr","locations":[{"start":{"line":10,"column":14},"end":{"line":10,"column":34}},{"start":{"line":10,"column":38},"end":{"line":10,"column":51}}],"line":10},"3":{"loc":{"start":{"line":11,"column":16},"end":{"line":11,"column":65}},"type":"binary-expr","locations":[{"start":{"line":11,"column":16},"end":{"line":11,"column":38}},{"start":{"line":11,"column":42},"end":{"line":11,"column":65}}],"line":11},"4":{"loc":{"start":{"line":16,"column":4},"end":{"line":16,"column":56}},"type":"if","locations":[{"start":{"line":16,"column":4},"end":{"line":16,"column":56}},{"start":{},"end":{}}],"line":16},"5":{"loc":{"start":{"line":17,"column":4},"end":{"line":17,"column":58}},"type":"if","locations":[{"start":{"line":17,"column":4},"end":{"line":17,"column":58}},{"start":{},"end":{}}],"line":17},"6":{"loc":{"start":{"line":19,"column":4},"end":{"line":21,"column":5}},"type":"if","locations":[{"start":{"line":19,"column":4},"end":{"line":21,"column":5}},{"start":{},"end":{}}],"line":19}},"s":{"0":9,"1":9,"2":9,"3":9,"4":9,"5":9,"6":0,"7":9,"8":0,"9":9,"10":0,"11":9},"f":{"0":9},"b":{"0":[9,0],"1":[9,0],"2":[9,0],"3":[9,0],"4":[0,9],"5":[0,9],"6":[0,9]},"_coverageSchema":"1a1c01bbd47fc00a2c39e90264f33305004495a9","hash":"45bd9d72a4ea2a20729c1cb2f60129af6c6c3c1f"}
,"C:\\Users\\Dharmi\\OneDrive\\Desktop\\Backend_Project 2\\indian_law_penal_code_patel_dharmi\\backend\\src\\controllers\\act.controller.js": {"path":"C:\\Users\\Dharmi\\OneDrive\\Desktop\\Backend_Project 2\\indian_law_penal_code_patel_dharmi\\backend\\src\\controllers\\act.controller.js","statementMap":{"0":{"start":{"line":1,"column":21},"end":{"line":1,"column":53}},"1":{"start":{"line":2,"column":20},"end":{"line":2,"column":51}},"2":{"start":{"line":3,"column":19},"end":{"line":3,"column":53}},"3":{"start":{"line":5,"column":19},"end":{"line":10,"column":2}},"4":{"start":{"line":6,"column":17},"end":{"line":6,"column":46}},"5":{"start":{"line":7,"column":4},"end":{"line":9,"column":6}},"6":{"start":{"line":12,"column":21},"end":{"line":18,"column":2}},"7":{"start":{"line":13,"column":24},"end":{"line":13,"column":34}},"8":{"start":{"line":14,"column":16},"end":{"line":14,"column":54}},"9":{"start":{"line":15,"column":4},"end":{"line":17,"column":6}},"10":{"start":{"line":20,"column":23},"end":{"line":28,"column":2}},"11":{"start":{"line":21,"column":24},"end":{"line":21,"column":34}},"12":{"start":{"line":22,"column":28},"end":{"line":22,"column":37}},"13":{"start":{"line":24,"column":27},"end":{"line":24,"column":80}},"14":{"start":{"line":25,"column":4},"end":{"line":27,"column":6}},"15":{"start":{"line":30,"column":23},"end":{"line":36,"column":2}},"16":{"start":{"line":31,"column":24},"end":{"line":31,"column":34}},"17":{"start":{"line":32,"column":21},"end":{"line":32,"column":61}},"18":{"start":{"line":33,"column":4},"end":{"line":35,"column":6}},"19":{"start":{"line":38,"column":20},"end":{"line":44,"column":2}},"20":{"start":{"line":39,"column":24},"end":{"line":39,"column":34}},"21":{"start":{"line":40,"column":18},"end":{"line":40,"column":55}},"22":{"start":{"line":41,"column":4},"end":{"line":43,"column":6}},"23":{"start":{"line":46,"column":0},"end":{"line":52,"column":2}}},"fnMap":{"0":{"name":"(anonymous_0)","decl":{"start":{"line":5,"column":32},"end":{"line":5,"column":33}},"loc":{"start":{"line":5,"column":52},"end":{"line":10,"column":1}},"line":5},"1":{"name":"(anonymous_1)","decl":{"start":{"line":12,"column":34},"end":{"line":12,"column":35}},"loc":{"start":{"line":12,"column":54},"end":{"line":18,"column":1}},"line":12},"2":{"name":"(anonymous_2)","decl":{"start":{"line":20,"column":36},"end":{"line":20,"column":37}},"loc":{"start":{"line":20,"column":56},"end":{"line":28,"column":1}},"line":20},"3":{"name":"(anonymous_3)","decl":{"start":{"line":30,"column":36},"end":{"line":30,"column":37}},"loc":{"start":{"line":30,"column":56},"end":{"line":36,"column":1}},"line":30},"4":{"name":"(anonymous_4)","decl":{"start":{"line":38,"column":33},"end":{"line":38,"column":34}},"loc":{"start":{"line":38,"column":53},"end":{"line":44,"column":1}},"line":38}},"branchMap":{},"s":{"0":9,"1":9,"2":9,"3":9,"4":1,"5":1,"6":9,"7":2,"8":2,"9":1,"10":9,"11":2,"12":2,"13":2,"14":2,"15":9,"16":1,"17":1,"18":1,"19":9,"20":1,"21":1,"22":1,"23":9},"f":{"0":1,"1":2,"2":2,"3":1,"4":1},"b":{},"_coverageSchema":"1a1c01bbd47fc00a2c39e90264f33305004495a9","hash":"8ef9f1e9f3f0c8c437593a58a46d867228778c6d"}
,"C:\\Users\\Dharmi\\OneDrive\\Desktop\\Backend_Project 2\\indian_law_penal_code_patel_dharmi\\backend\\src\\controllers\\analytics.controller.js": {"path":"C:\\Users\\Dharmi\\OneDrive\\Desktop\\Backend_Project 2\\indian_law_penal_code_patel_dharmi\\backend\\src\\controllers\\analytics.controller.js","statementMap":{"0":{"start":{"line":1,"column":21},"end":{"line":1,"column":53}},"1":{"start":{"line":2,"column":20},"end":{"line":2,"column":51}},"2":{"start":{"line":3,"column":25},"end":{"line":3,"column":65}},"3":{"start":{"line":5,"column":20},"end":{"line":10,"column":2}},"4":{"start":{"line":6,"column":18},"end":{"line":6,"column":59}},"5":{"start":{"line":7,"column":4},"end":{"line":9,"column":6}},"6":{"start":{"line":12,"column":27},"end":{"line":17,"column":2}},"7":{"start":{"line":13,"column":25},"end":{"line":13,"column":68}},"8":{"start":{"line":14,"column":4},"end":{"line":16,"column":6}},"9":{"start":{"line":19,"column":29},"end":{"line":25,"column":2}},"10":{"start":{"line":20,"column":24},"end":{"line":20,"column":33}},"11":{"start":{"line":21,"column":22},"end":{"line":21,"column":74}},"12":{"start":{"line":22,"column":4},"end":{"line":24,"column":6}},"13":{"start":{"line":27,"column":21},"end":{"line":33,"column":2}},"14":{"start":{"line":28,"column":22},"end":{"line":28,"column":31}},"15":{"start":{"line":29,"column":22},"end":{"line":29,"column":68}},"16":{"start":{"line":30,"column":4},"end":{"line":32,"column":6}},"17":{"start":{"line":35,"column":24},"end":{"line":41,"column":2}},"18":{"start":{"line":36,"column":21},"end":{"line":36,"column":30}},"19":{"start":{"line":37,"column":19},"end":{"line":37,"column":63}},"20":{"start":{"line":38,"column":4},"end":{"line":40,"column":6}},"21":{"start":{"line":43,"column":22},"end":{"line":49,"column":2}},"22":{"start":{"line":44,"column":23},"end":{"line":44,"column":32}},"23":{"start":{"line":45,"column":19},"end":{"line":45,"column":63}},"24":{"start":{"line":46,"column":4},"end":{"line":48,"column":6}},"25":{"start":{"line":51,"column":22},"end":{"line":57,"column":2}},"26":{"start":{"line":52,"column":22},"end":{"line":52,"column":31}},"27":{"start":{"line":53,"column":23},"end":{"line":53,"column":72}},"28":{"start":{"line":54,"column":4},"end":{"line":56,"column":6}},"29":{"start":{"line":59,"column":0},"end":{"line":67,"column":2}}},"fnMap":{"0":{"name":"(anonymous_0)","decl":{"start":{"line":5,"column":33},"end":{"line":5,"column":34}},"loc":{"start":{"line":5,"column":53},"end":{"line":10,"column":1}},"line":5},"1":{"name":"(anonymous_1)","decl":{"start":{"line":12,"column":40},"end":{"line":12,"column":41}},"loc":{"start":{"line":12,"column":60},"end":{"line":17,"column":1}},"line":12},"2":{"name":"(anonymous_2)","decl":{"start":{"line":19,"column":42},"end":{"line":19,"column":43}},"loc":{"start":{"line":19,"column":62},"end":{"line":25,"column":1}},"line":19},"3":{"name":"(anonymous_3)","decl":{"start":{"line":27,"column":34},"end":{"line":27,"column":35}},"loc":{"start":{"line":27,"column":54},"end":{"line":33,"column":1}},"line":27},"4":{"name":"(anonymous_4)","decl":{"start":{"line":35,"column":37},"end":{"line":35,"column":38}},"loc":{"start":{"line":35,"column":57},"end":{"line":41,"column":1}},"line":35},"5":{"name":"(anonymous_5)","decl":{"start":{"line":43,"column":35},"end":{"line":43,"column":36}},"loc":{"start":{"line":43,"column":55},"end":{"line":49,"column":1}},"line":43},"6":{"name":"(anonymous_6)","decl":{"start":{"line":51,"column":35},"end":{"line":51,"column":36}},"loc":{"start":{"line":51,"column":55},"end":{"line":57,"column":1}},"line":51}},"branchMap":{},"s":{"0":9,"1":9,"2":9,"3":9,"4":1,"5":1,"6":9,"7":1,"8":1,"9":9,"10":0,"11":0,"12":0,"13":9,"14":1,"15":1,"16":1,"17":9,"18":1,"19":1,"20":1,"21":9,"22":0,"23":0,"24":0,"25":9,"26":1,"27":1,"28":1,"29":9},"f":{"0":1,"1":1,"2":0,"3":1,"4":1,"5":0,"6":1},"b":{},"_coverageSchema":"1a1c01bbd47fc00a2c39e90264f33305004495a9","hash":"8e6d0336cb684a3554d993ed10667010d5cea5c0"}
,"C:\\Users\\Dharmi\\OneDrive\\Desktop\\Backend_Project 2\\indian_law_penal_code_patel_dharmi\\backend\\src\\controllers\\auth.controller.js": {"path":"C:\\Users\\Dharmi\\OneDrive\\Desktop\\Backend_Project 2\\indian_law_penal_code_patel_dharmi\\backend\\src\\controllers\\auth.controller.js","statementMap":{"0":{"start":{"line":1,"column":21},"end":{"line":1,"column":53}},"1":{"start":{"line":2,"column":20},"end":{"line":2,"column":51}},"2":{"start":{"line":3,"column":20},"end":{"line":3,"column":55}},"3":{"start":{"line":10,"column":17},"end":{"line":17,"column":2}},"4":{"start":{"line":11,"column":38},"end":{"line":11,"column":46}},"5":{"start":{"line":12,"column":48},"end":{"line":12,"column":101}},"6":{"start":{"line":14,"column":4},"end":{"line":16,"column":6}},"7":{"start":{"line":24,"column":14},"end":{"line":31,"column":2}},"8":{"start":{"line":25,"column":32},"end":{"line":25,"column":40}},"9":{"start":{"line":26,"column":48},"end":{"line":26,"column":92}},"10":{"start":{"line":28,"column":4},"end":{"line":30,"column":6}},"11":{"start":{"line":38,"column":21},"end":{"line":51,"column":2}},"12":{"start":{"line":39,"column":46},"end":{"line":39,"column":54}},"13":{"start":{"line":41,"column":4},"end":{"line":44,"column":5}},"14":{"start":{"line":42,"column":25},"end":{"line":42,"column":53}},"15":{"start":{"line":43,"column":8},"end":{"line":43,"column":61}},"16":{"start":{"line":46,"column":19},"end":{"line":46,"column":72}},"17":{"start":{"line":48,"column":4},"end":{"line":50,"column":6}},"18":{"start":{"line":58,"column":14},"end":{"line":62,"column":2}},"19":{"start":{"line":59,"column":4},"end":{"line":61,"column":6}},"20":{"start":{"line":69,"column":15},"end":{"line":73,"column":2}},"21":{"start":{"line":70,"column":4},"end":{"line":72,"column":6}},"22":{"start":{"line":75,"column":0},"end":{"line":81,"column":2}}},"fnMap":{"0":{"name":"(anonymous_0)","decl":{"start":{"line":10,"column":30},"end":{"line":10,"column":31}},"loc":{"start":{"line":10,"column":50},"end":{"line":17,"column":1}},"line":10},"1":{"name":"(anonymous_1)","decl":{"start":{"line":24,"column":27},"end":{"line":24,"column":28}},"loc":{"start":{"line":24,"column":47},"end":{"line":31,"column":1}},"line":24},"2":{"name":"(anonymous_2)","decl":{"start":{"line":38,"column":34},"end":{"line":38,"column":35}},"loc":{"start":{"line":38,"column":54},"end":{"line":51,"column":1}},"line":38},"3":{"name":"(anonymous_3)","decl":{"start":{"line":58,"column":27},"end":{"line":58,"column":28}},"loc":{"start":{"line":58,"column":47},"end":{"line":62,"column":1}},"line":58},"4":{"name":"(anonymous_4)","decl":{"start":{"line":69,"column":28},"end":{"line":69,"column":29}},"loc":{"start":{"line":69,"column":48},"end":{"line":73,"column":1}},"line":69}},"branchMap":{"0":{"loc":{"start":{"line":41,"column":4},"end":{"line":44,"column":5}},"type":"if","locations":[{"start":{"line":41,"column":4},"end":{"line":44,"column":5}},{"start":{},"end":{}}],"line":41}},"s":{"0":9,"1":9,"2":9,"3":9,"4":2,"5":2,"6":1,"7":9,"8":5,"9":5,"10":4,"11":9,"12":1,"13":1,"14":0,"15":0,"16":1,"17":1,"18":9,"19":1,"20":9,"21":1,"22":9},"f":{"0":2,"1":5,"2":1,"3":1,"4":1},"b":{"0":[0,1]},"_coverageSchema":"1a1c01bbd47fc00a2c39e90264f33305004495a9","hash":"c3be8974177b6d69015b522a5ae2b0218c46ed21"}
,"C:\\Users\\Dharmi\\OneDrive\\Desktop\\Backend_Project 2\\indian_law_penal_code_patel_dharmi\\backend\\src\\controllers\\bookmark.controller.js": {"path":"C:\\Users\\Dharmi\\OneDrive\\Desktop\\Backend_Project 2\\indian_law_penal_code_patel_dharmi\\backend\\src\\controllers\\bookmark.controller.js","statementMap":{"0":{"start":{"line":1,"column":21},"end":{"line":1,"column":53}},"1":{"start":{"line":2,"column":20},"end":{"line":2,"column":51}},"2":{"start":{"line":3,"column":24},"end":{"line":3,"column":63}},"3":{"start":{"line":5,"column":20},"end":{"line":14,"column":2}},"4":{"start":{"line":6,"column":19},"end":{"line":6,"column":31}},"5":{"start":{"line":7,"column":26},"end":{"line":7,"column":36}},"6":{"start":{"line":9,"column":21},"end":{"line":9,"column":73}},"7":{"start":{"line":11,"column":4},"end":{"line":13,"column":6}},"8":{"start":{"line":16,"column":23},"end":{"line":25,"column":2}},"9":{"start":{"line":17,"column":19},"end":{"line":17,"column":31}},"10":{"start":{"line":18,"column":26},"end":{"line":18,"column":36}},"11":{"start":{"line":20,"column":21},"end":{"line":20,"column":76}},"12":{"start":{"line":22,"column":4},"end":{"line":24,"column":6}},"13":{"start":{"line":27,"column":25},"end":{"line":41,"column":2}},"14":{"start":{"line":28,"column":19},"end":{"line":28,"column":31}},"15":{"start":{"line":29,"column":37},"end":{"line":29,"column":46}},"16":{"start":{"line":31,"column":27},"end":{"line":36,"column":6}},"17":{"start":{"line":38,"column":4},"end":{"line":40,"column":6}},"18":{"start":{"line":43,"column":22},"end":{"line":52,"column":2}},"19":{"start":{"line":44,"column":19},"end":{"line":44,"column":31}},"20":{"start":{"line":45,"column":26},"end":{"line":45,"column":36}},"21":{"start":{"line":47,"column":19},"end":{"line":47,"column":72}},"22":{"start":{"line":49,"column":4},"end":{"line":51,"column":6}},"23":{"start":{"line":54,"column":27},"end":{"line":64,"column":2}},"24":{"start":{"line":55,"column":19},"end":{"line":55,"column":31}},"25":{"start":{"line":56,"column":26},"end":{"line":56,"column":36}},"26":{"start":{"line":57,"column":21},"end":{"line":57,"column":29}},"27":{"start":{"line":59,"column":21},"end":{"line":59,"column":86}},"28":{"start":{"line":61,"column":4},"end":{"line":63,"column":6}},"29":{"start":{"line":66,"column":0},"end":{"line":72,"column":2}}},"fnMap":{"0":{"name":"(anonymous_0)","decl":{"start":{"line":5,"column":33},"end":{"line":5,"column":34}},"loc":{"start":{"line":5,"column":53},"end":{"line":14,"column":1}},"line":5},"1":{"name":"(anonymous_1)","decl":{"start":{"line":16,"column":36},"end":{"line":16,"column":37}},"loc":{"start":{"line":16,"column":56},"end":{"line":25,"column":1}},"line":16},"2":{"name":"(anonymous_2)","decl":{"start":{"line":27,"column":38},"end":{"line":27,"column":39}},"loc":{"start":{"line":27,"column":58},"end":{"line":41,"column":1}},"line":27},"3":{"name":"(anonymous_3)","decl":{"start":{"line":43,"column":35},"end":{"line":43,"column":36}},"loc":{"start":{"line":43,"column":55},"end":{"line":52,"column":1}},"line":43},"4":{"name":"(anonymous_4)","decl":{"start":{"line":54,"column":40},"end":{"line":54,"column":41}},"loc":{"start":{"line":54,"column":60},"end":{"line":64,"column":1}},"line":54}},"branchMap":{},"s":{"0":9,"1":9,"2":9,"3":9,"4":2,"5":2,"6":2,"7":2,"8":9,"9":1,"10":1,"11":1,"12":1,"13":9,"14":1,"15":1,"16":1,"17":1,"18":9,"19":1,"20":1,"21":1,"22":1,"23":9,"24":1,"25":1,"26":1,"27":1,"28":1,"29":9},"f":{"0":2,"1":1,"2":1,"3":1,"4":1},"b":{},"_coverageSchema":"1a1c01bbd47fc00a2c39e90264f33305004495a9","hash":"28fdad19e1cb49f559e63e3cdf7a459555763c92"}
,"C:\\Users\\Dharmi\\OneDrive\\Desktop\\Backend_Project 2\\indian_law_penal_code_patel_dharmi\\backend\\src\\controllers\\note.controller.js": {"path":"C:\\Users\\Dharmi\\OneDrive\\Desktop\\Backend_Project 2\\indian_law_penal_code_patel_dharmi\\backend\\src\\controllers\\note.controller.js","statementMap":{"0":{"start":{"line":1,"column":21},"end":{"line":1,"column":53}},"1":{"start":{"line":2,"column":20},"end":{"line":2,"column":51}},"2":{"start":{"line":3,"column":20},"end":{"line":3,"column":55}},"3":{"start":{"line":9,"column":21},"end":{"line":17,"column":2}},"4":{"start":{"line":10,"column":19},"end":{"line":10,"column":31}},"5":{"start":{"line":12,"column":18},"end":{"line":12,"column":52}},"6":{"start":{"line":14,"column":4},"end":{"line":16,"column":6}},"7":{"start":{"line":23,"column":19},"end":{"line":32,"column":2}},"8":{"start":{"line":24,"column":19},"end":{"line":24,"column":31}},"9":{"start":{"line":25,"column":36},"end":{"line":25,"column":44}},"10":{"start":{"line":27,"column":17},"end":{"line":27,"column":71}},"11":{"start":{"line":29,"column":4},"end":{"line":31,"column":6}},"12":{"start":{"line":38,"column":19},"end":{"line":48,"column":2}},"13":{"start":{"line":39,"column":19},"end":{"line":39,"column":31}},"14":{"start":{"line":40,"column":19},"end":{"line":40,"column":32}},"15":{"start":{"line":41,"column":25},"end":{"line":41,"column":33}},"16":{"start":{"line":43,"column":17},"end":{"line":43,"column":69}},"17":{"start":{"line":45,"column":4},"end":{"line":47,"column":6}},"18":{"start":{"line":54,"column":19},"end":{"line":63,"column":2}},"19":{"start":{"line":55,"column":19},"end":{"line":55,"column":31}},"20":{"start":{"line":56,"column":19},"end":{"line":56,"column":32}},"21":{"start":{"line":58,"column":17},"end":{"line":58,"column":61}},"22":{"start":{"line":60,"column":4},"end":{"line":62,"column":6}},"23":{"start":{"line":65,"column":0},"end":{"line":70,"column":2}}},"fnMap":{"0":{"name":"(anonymous_0)","decl":{"start":{"line":9,"column":34},"end":{"line":9,"column":35}},"loc":{"start":{"line":9,"column":54},"end":{"line":17,"column":1}},"line":9},"1":{"name":"(anonymous_1)","decl":{"start":{"line":23,"column":32},"end":{"line":23,"column":33}},"loc":{"start":{"line":23,"column":52},"end":{"line":32,"column":1}},"line":23},"2":{"name":"(anonymous_2)","decl":{"start":{"line":38,"column":32},"end":{"line":38,"column":33}},"loc":{"start":{"line":38,"column":52},"end":{"line":48,"column":1}},"line":38},"3":{"name":"(anonymous_3)","decl":{"start":{"line":54,"column":32},"end":{"line":54,"column":33}},"loc":{"start":{"line":54,"column":52},"end":{"line":63,"column":1}},"line":54}},"branchMap":{},"s":{"0":9,"1":9,"2":9,"3":9,"4":2,"5":2,"6":2,"7":9,"8":1,"9":1,"10":1,"11":1,"12":9,"13":2,"14":2,"15":2,"16":2,"17":1,"18":9,"19":3,"20":3,"21":3,"22":1,"23":9},"f":{"0":2,"1":1,"2":2,"3":3},"b":{},"_coverageSchema":"1a1c01bbd47fc00a2c39e90264f33305004495a9","hash":"f4d133ce63f885102e16d2aa3f5df8855ea7a085"}
,"C:\\Users\\Dharmi\\OneDrive\\Desktop\\Backend_Project 2\\indian_law_penal_code_patel_dharmi\\backend\\src\\controllers\\search.controller.js": {"path":"C:\\Users\\Dharmi\\OneDrive\\Desktop\\Backend_Project 2\\indian_law_penal_code_patel_dharmi\\backend\\src\\controllers\\search.controller.js","statementMap":{"0":{"start":{"line":1,"column":21},"end":{"line":1,"column":53}},"1":{"start":{"line":2,"column":20},"end":{"line":2,"column":51}},"2":{"start":{"line":3,"column":22},"end":{"line":3,"column":59}},"3":{"start":{"line":4,"column":17},"end":{"line":4,"column":45}},"4":{"start":{"line":6,"column":23},"end":{"line":24,"column":2}},"5":{"start":{"line":7,"column":40},"end":{"line":7,"column":49}},"6":{"start":{"line":9,"column":4},"end":{"line":11,"column":5}},"7":{"start":{"line":10,"column":8},"end":{"line":10,"column":83}},"8":{"start":{"line":13,"column":27},"end":{"line":19,"column":6}},"9":{"start":{"line":21,"column":4},"end":{"line":23,"column":6}},"10":{"start":{"line":26,"column":21},"end":{"line":43,"column":2}},"11":{"start":{"line":27,"column":31},"end":{"line":27,"column":40}},"12":{"start":{"line":29,"column":4},"end":{"line":31,"column":5}},"13":{"start":{"line":30,"column":8},"end":{"line":30,"column":83}},"14":{"start":{"line":33,"column":27},"end":{"line":38,"column":6}},"15":{"start":{"line":40,"column":4},"end":{"line":42,"column":6}},"16":{"start":{"line":45,"column":26},"end":{"line":50,"column":2}},"17":{"start":{"line":46,"column":20},"end":{"line":46,"column":72}},"18":{"start":{"line":47,"column":4},"end":{"line":49,"column":6}},"19":{"start":{"line":52,"column":26},"end":{"line":60,"column":2}},"20":{"start":{"line":53,"column":20},"end":{"line":53,"column":72}},"21":{"start":{"line":54,"column":4},"end":{"line":56,"column":5}},"22":{"start":{"line":55,"column":8},"end":{"line":55,"column":53}},"23":{"start":{"line":57,"column":4},"end":{"line":59,"column":6}},"24":{"start":{"line":62,"column":0},"end":{"line":67,"column":2}}},"fnMap":{"0":{"name":"(anonymous_0)","decl":{"start":{"line":6,"column":36},"end":{"line":6,"column":37}},"loc":{"start":{"line":6,"column":56},"end":{"line":24,"column":1}},"line":6},"1":{"name":"(anonymous_1)","decl":{"start":{"line":26,"column":34},"end":{"line":26,"column":35}},"loc":{"start":{"line":26,"column":54},"end":{"line":43,"column":1}},"line":26},"2":{"name":"(anonymous_2)","decl":{"start":{"line":45,"column":39},"end":{"line":45,"column":40}},"loc":{"start":{"line":45,"column":59},"end":{"line":50,"column":1}},"line":45},"3":{"name":"(anonymous_3)","decl":{"start":{"line":52,"column":39},"end":{"line":52,"column":40}},"loc":{"start":{"line":52,"column":59},"end":{"line":60,"column":1}},"line":52}},"branchMap":{"0":{"loc":{"start":{"line":9,"column":4},"end":{"line":11,"column":5}},"type":"if","locations":[{"start":{"line":9,"column":4},"end":{"line":11,"column":5}},{"start":{},"end":{}}],"line":9},"1":{"loc":{"start":{"line":9,"column":8},"end":{"line":9,"column":26}},"type":"binary-expr","locations":[{"start":{"line":9,"column":8},"end":{"line":9,"column":10}},{"start":{"line":9,"column":14},"end":{"line":9,"column":26}}],"line":9},"2":{"loc":{"start":{"line":29,"column":4},"end":{"line":31,"column":5}},"type":"if","locations":[{"start":{"line":29,"column":4},"end":{"line":31,"column":5}},{"start":{},"end":{}}],"line":29},"3":{"loc":{"start":{"line":29,"column":8},"end":{"line":29,"column":26}},"type":"binary-expr","locations":[{"start":{"line":29,"column":8},"end":{"line":29,"column":10}},{"start":{"line":29,"column":14},"end":{"line":29,"column":26}}],"line":29},"4":{"loc":{"start":{"line":54,"column":4},"end":{"line":56,"column":5}},"type":"if","locations":[{"start":{"line":54,"column":4},"end":{"line":56,"column":5}},{"start":{},"end":{}}],"line":54}},"s":{"0":9,"1":9,"2":9,"3":9,"4":9,"5":1,"6":1,"7":0,"8":1,"9":1,"10":9,"11":2,"12":2,"13":0,"14":2,"15":2,"16":9,"17":0,"18":0,"19":9,"20":0,"21":0,"22":0,"23":0,"24":9},"f":{"0":1,"1":2,"2":0,"3":0},"b":{"0":[0,1],"1":[1,1],"2":[0,2],"3":[2,2],"4":[0,0]},"_coverageSchema":"1a1c01bbd47fc00a2c39e90264f33305004495a9","hash":"3007d9db97ffeadcf778f9eea543a03b5472e26c"}
,"C:\\Users\\Dharmi\\OneDrive\\Desktop\\Backend_Project 2\\indian_law_penal_code_patel_dharmi\\backend\\src\\controllers\\section.controller.js": {"path":"C:\\Users\\Dharmi\\OneDrive\\Desktop\\Backend_Project 2\\indian_law_penal_code_patel_dharmi\\backend\\src\\controllers\\section.controller.js","statementMap":{"0":{"start":{"line":1,"column":21},"end":{"line":1,"column":53}},"1":{"start":{"line":2,"column":20},"end":{"line":2,"column":51}},"2":{"start":{"line":3,"column":23},"end":{"line":3,"column":61}},"3":{"start":{"line":4,"column":17},"end":{"line":4,"column":53}},"4":{"start":{"line":9,"column":23},"end":{"line":22,"column":1}},"5":{"start":{"line":10,"column":4},"end":{"line":21,"column":5}},"6":{"start":{"line":11,"column":8},"end":{"line":18,"column":11}},"7":{"start":{"line":20,"column":8},"end":{"line":20,"column":54}},"8":{"start":{"line":24,"column":22},"end":{"line":38,"column":2}},"9":{"start":{"line":25,"column":20},"end":{"line":25,"column":64}},"10":{"start":{"line":27,"column":4},"end":{"line":33,"column":6}},"11":{"start":{"line":35,"column":4},"end":{"line":37,"column":6}},"12":{"start":{"line":40,"column":19},"end":{"line":45,"column":2}},"13":{"start":{"line":41,"column":20},"end":{"line":41,"column":70}},"14":{"start":{"line":42,"column":4},"end":{"line":44,"column":6}},"15":{"start":{"line":47,"column":22},"end":{"line":61,"column":2}},"16":{"start":{"line":48,"column":20},"end":{"line":48,"column":79}},"17":{"start":{"line":50,"column":4},"end":{"line":56,"column":6}},"18":{"start":{"line":58,"column":4},"end":{"line":60,"column":6}},"19":{"start":{"line":63,"column":23},"end":{"line":77,"column":2}},"20":{"start":{"line":64,"column":20},"end":{"line":64,"column":70}},"21":{"start":{"line":66,"column":4},"end":{"line":72,"column":6}},"22":{"start":{"line":74,"column":4},"end":{"line":76,"column":6}},"23":{"start":{"line":79,"column":23},"end":{"line":93,"column":2}},"24":{"start":{"line":80,"column":20},"end":{"line":80,"column":70}},"25":{"start":{"line":82,"column":4},"end":{"line":88,"column":6}},"26":{"start":{"line":90,"column":4},"end":{"line":92,"column":6}},"27":{"start":{"line":95,"column":22},"end":{"line":109,"column":2}},"28":{"start":{"line":96,"column":20},"end":{"line":96,"column":80}},"29":{"start":{"line":98,"column":4},"end":{"line":104,"column":6}},"30":{"start":{"line":106,"column":4},"end":{"line":108,"column":6}},"31":{"start":{"line":111,"column":23},"end":{"line":125,"column":2}},"32":{"start":{"line":112,"column":20},"end":{"line":112,"column":80}},"33":{"start":{"line":114,"column":4},"end":{"line":120,"column":6}},"34":{"start":{"line":122,"column":4},"end":{"line":124,"column":6}},"35":{"start":{"line":127,"column":20},"end":{"line":132,"column":2}},"36":{"start":{"line":128,"column":19},"end":{"line":128,"column":66}},"37":{"start":{"line":129,"column":4},"end":{"line":131,"column":6}},"38":{"start":{"line":134,"column":23},"end":{"line":139,"column":2}},"39":{"start":{"line":135,"column":27},"end":{"line":135,"column":73}},"40":{"start":{"line":136,"column":4},"end":{"line":138,"column":6}},"41":{"start":{"line":141,"column":26},"end":{"line":146,"column":2}},"42":{"start":{"line":142,"column":21},"end":{"line":142,"column":76}},"43":{"start":{"line":143,"column":4},"end":{"line":145,"column":6}},"44":{"start":{"line":148,"column":28},"end":{"line":153,"column":2}},"45":{"start":{"line":149,"column":21},"end":{"line":149,"column":78}},"46":{"start":{"line":150,"column":4},"end":{"line":152,"column":6}},"47":{"start":{"line":155,"column":25},"end":{"line":160,"column":2}},"48":{"start":{"line":156,"column":20},"end":{"line":156,"column":59}},"49":{"start":{"line":157,"column":4},"end":{"line":159,"column":6}},"50":{"start":{"line":162,"column":28},"end":{"line":169,"column":2}},"51":{"start":{"line":164,"column":18},"end":{"line":164,"column":54}},"52":{"start":{"line":165,"column":27},"end":{"line":165,"column":69}},"53":{"start":{"line":166,"column":4},"end":{"line":168,"column":6}},"54":{"start":{"line":171,"column":0},"end":{"line":185,"column":2}}},"fnMap":{"0":{"name":"(anonymous_0)","decl":{"start":{"line":9,"column":23},"end":{"line":9,"column":24}},"loc":{"start":{"line":9,"column":73},"end":{"line":22,"column":1}},"line":9},"1":{"name":"(anonymous_1)","decl":{"start":{"line":24,"column":35},"end":{"line":24,"column":36}},"loc":{"start":{"line":24,"column":55},"end":{"line":38,"column":1}},"line":24},"2":{"name":"(anonymous_2)","decl":{"start":{"line":40,"column":32},"end":{"line":40,"column":33}},"loc":{"start":{"line":40,"column":52},"end":{"line":45,"column":1}},"line":40},"3":{"name":"(anonymous_3)","decl":{"start":{"line":47,"column":35},"end":{"line":47,"column":36}},"loc":{"start":{"line":47,"column":55},"end":{"line":61,"column":1}},"line":47},"4":{"name":"(anonymous_4)","decl":{"start":{"line":63,"column":36},"end":{"line":63,"column":37}},"loc":{"start":{"line":63,"column":56},"end":{"line":77,"column":1}},"line":63},"5":{"name":"(anonymous_5)","decl":{"start":{"line":79,"column":36},"end":{"line":79,"column":37}},"loc":{"start":{"line":79,"column":56},"end":{"line":93,"column":1}},"line":79},"6":{"name":"(anonymous_6)","decl":{"start":{"line":95,"column":35},"end":{"line":95,"column":36}},"loc":{"start":{"line":95,"column":55},"end":{"line":109,"column":1}},"line":95},"7":{"name":"(anonymous_7)","decl":{"start":{"line":111,"column":36},"end":{"line":111,"column":37}},"loc":{"start":{"line":111,"column":56},"end":{"line":125,"column":1}},"line":111},"8":{"name":"(anonymous_8)","decl":{"start":{"line":127,"column":33},"end":{"line":127,"column":34}},"loc":{"start":{"line":127,"column":53},"end":{"line":132,"column":1}},"line":127},"9":{"name":"(anonymous_9)","decl":{"start":{"line":134,"column":36},"end":{"line":134,"column":37}},"loc":{"start":{"line":134,"column":56},"end":{"line":139,"column":1}},"line":134},"10":{"name":"(anonymous_10)","decl":{"start":{"line":141,"column":39},"end":{"line":141,"column":40}},"loc":{"start":{"line":141,"column":59},"end":{"line":146,"column":1}},"line":141},"11":{"name":"(anonymous_11)","decl":{"start":{"line":148,"column":41},"end":{"line":148,"column":42}},"loc":{"start":{"line":148,"column":61},"end":{"line":153,"column":1}},"line":148},"12":{"name":"(anonymous_12)","decl":{"start":{"line":155,"column":38},"end":{"line":155,"column":39}},"loc":{"start":{"line":155,"column":58},"end":{"line":160,"column":1}},"line":155},"13":{"name":"(anonymous_13)","decl":{"start":{"line":162,"column":41},"end":{"line":162,"column":42}},"loc":{"start":{"line":162,"column":61},"end":{"line":169,"column":1}},"line":162}},"branchMap":{},"s":{"0":9,"1":9,"2":9,"3":9,"4":9,"5":5,"6":5,"7":0,"8":9,"9":1,"10":1,"11":1,"12":9,"13":2,"14":1,"15":9,"16":0,"17":0,"18":0,"19":9,"20":1,"21":1,"22":1,"23":9,"24":1,"25":1,"26":1,"27":9,"28":1,"29":1,"30":1,"31":9,"32":1,"33":1,"34":1,"35":9,"36":1,"37":1,"38":9,"39":1,"40":1,"41":9,"42":1,"43":1,"44":9,"45":1,"46":1,"47":9,"48":1,"49":1,"50":9,"51":1,"52":1,"53":1,"54":9},"f":{"0":5,"1":1,"2":2,"3":0,"4":1,"5":1,"6":1,"7":1,"8":1,"9":1,"10":1,"11":1,"12":1,"13":1},"b":{},"_coverageSchema":"1a1c01bbd47fc00a2c39e90264f33305004495a9","hash":"e174510b311cba7e0f7054fb16c524a5a765e9f4"}
,"C:\\Users\\Dharmi\\OneDrive\\Desktop\\Backend_Project 2\\indian_law_penal_code_patel_dharmi\\backend\\src\\controllers\\user.controller.js": {"path":"C:\\Users\\Dharmi\\OneDrive\\Desktop\\Backend_Project 2\\indian_law_penal_code_patel_dharmi\\backend\\src\\controllers\\user.controller.js","statementMap":{"0":{"start":{"line":1,"column":21},"end":{"line":1,"column":53}},"1":{"start":{"line":2,"column":20},"end":{"line":2,"column":51}},"2":{"start":{"line":3,"column":20},"end":{"line":3,"column":55}},"3":{"start":{"line":5,"column":20},"end":{"line":24,"column":2}},"4":{"start":{"line":6,"column":52},"end":{"line":6,"column":61}},"5":{"start":{"line":9,"column":4},"end":{"line":11,"column":5}},"6":{"start":{"line":10,"column":8},"end":{"line":10,"column":43}},"7":{"start":{"line":13,"column":27},"end":{"line":19,"column":6}},"8":{"start":{"line":21,"column":4},"end":{"line":23,"column":6}},"9":{"start":{"line":26,"column":20},"end":{"line":33,"column":2}},"10":{"start":{"line":27,"column":19},"end":{"line":27,"column":29}},"11":{"start":{"line":28,"column":17},"end":{"line":28,"column":50}},"12":{"start":{"line":30,"column":4},"end":{"line":32,"column":6}},"13":{"start":{"line":35,"column":23},"end":{"line":44,"column":2}},"14":{"start":{"line":36,"column":19},"end":{"line":36,"column":29}},"15":{"start":{"line":37,"column":21},"end":{"line":37,"column":29}},"16":{"start":{"line":39,"column":17},"end":{"line":39,"column":59}},"17":{"start":{"line":41,"column":4},"end":{"line":43,"column":6}},"18":{"start":{"line":46,"column":25},"end":{"line":55,"column":2}},"19":{"start":{"line":47,"column":19},"end":{"line":47,"column":29}},"20":{"start":{"line":48,"column":25},"end":{"line":48,"column":33}},"21":{"start":{"line":50,"column":17},"end":{"line":50,"column":65}},"22":{"start":{"line":52,"column":4},"end":{"line":54,"column":6}},"23":{"start":{"line":57,"column":19},"end":{"line":64,"column":2}},"24":{"start":{"line":58,"column":19},"end":{"line":58,"column":29}},"25":{"start":{"line":59,"column":17},"end":{"line":59,"column":49}},"26":{"start":{"line":61,"column":4},"end":{"line":63,"column":6}},"27":{"start":{"line":66,"column":21},"end":{"line":72,"column":2}},"28":{"start":{"line":67,"column":18},"end":{"line":67,"column":50}},"29":{"start":{"line":69,"column":4},"end":{"line":71,"column":6}},"30":{"start":{"line":74,"column":22},"end":{"line":88,"column":2}},"31":{"start":{"line":75,"column":19},"end":{"line":75,"column":31}},"32":{"start":{"line":76,"column":58},"end":{"line":76,"column":66}},"33":{"start":{"line":78,"column":24},"end":{"line":83,"column":6}},"34":{"start":{"line":85,"column":4},"end":{"line":87,"column":6}},"35":{"start":{"line":90,"column":0},"end":{"line":98,"column":2}}},"fnMap":{"0":{"name":"(anonymous_0)","decl":{"start":{"line":5,"column":33},"end":{"line":5,"column":34}},"loc":{"start":{"line":5,"column":53},"end":{"line":24,"column":1}},"line":5},"1":{"name":"(anonymous_1)","decl":{"start":{"line":26,"column":33},"end":{"line":26,"column":34}},"loc":{"start":{"line":26,"column":53},"end":{"line":33,"column":1}},"line":26},"2":{"name":"(anonymous_2)","decl":{"start":{"line":35,"column":36},"end":{"line":35,"column":37}},"loc":{"start":{"line":35,"column":56},"end":{"line":44,"column":1}},"line":35},"3":{"name":"(anonymous_3)","decl":{"start":{"line":46,"column":38},"end":{"line":46,"column":39}},"loc":{"start":{"line":46,"column":58},"end":{"line":55,"column":1}},"line":46},"4":{"name":"(anonymous_4)","decl":{"start":{"line":57,"column":32},"end":{"line":57,"column":33}},"loc":{"start":{"line":57,"column":52},"end":{"line":64,"column":1}},"line":57},"5":{"name":"(anonymous_5)","decl":{"start":{"line":66,"column":34},"end":{"line":66,"column":35}},"loc":{"start":{"line":66,"column":54},"end":{"line":72,"column":1}},"line":66},"6":{"name":"(anonymous_6)","decl":{"start":{"line":74,"column":35},"end":{"line":74,"column":36}},"loc":{"start":{"line":74,"column":55},"end":{"line":88,"column":1}},"line":74}},"branchMap":{"0":{"loc":{"start":{"line":9,"column":4},"end":{"line":11,"column":5}},"type":"if","locations":[{"start":{"line":9,"column":4},"end":{"line":11,"column":5}},{"start":{},"end":{}}],"line":9}},"s":{"0":9,"1":9,"2":9,"3":9,"4":1,"5":1,"6":0,"7":1,"8":1,"9":9,"10":1,"11":1,"12":1,"13":9,"14":1,"15":1,"16":1,"17":1,"18":9,"19":1,"20":1,"21":1,"22":1,"23":9,"24":1,"25":1,"26":1,"27":9,"28":1,"29":1,"30":9,"31":1,"32":1,"33":1,"34":1,"35":9},"f":{"0":1,"1":1,"2":1,"3":1,"4":1,"5":1,"6":1},"b":{"0":[0,1]},"_coverageSchema":"1a1c01bbd47fc00a2c39e90264f33305004495a9","hash":"019dd2a2052aabb5d22efac40f8bfac544de2d9f"}
,"C:\\Users\\Dharmi\\OneDrive\\Desktop\\Backend_Project 2\\indian_law_penal_code_patel_dharmi\\backend\\src\\middlewares\\auth.middleware.js": {"path":"C:\\Users\\Dharmi\\OneDrive\\Desktop\\Backend_Project 2\\indian_law_penal_code_patel_dharmi\\backend\\src\\middlewares\\auth.middleware.js","statementMap":{"0":{"start":{"line":1,"column":12},"end":{"line":1,"column":35}},"1":{"start":{"line":2,"column":21},"end":{"line":2,"column":53}},"2":{"start":{"line":3,"column":17},"end":{"line":3,"column":45}},"3":{"start":{"line":4,"column":13},"end":{"line":4,"column":45}},"4":{"start":{"line":9,"column":16},"end":{"line":38,"column":2}},"5":{"start":{"line":12,"column":4},"end":{"line":17,"column":5}},"6":{"start":{"line":16,"column":8},"end":{"line":16,"column":56}},"7":{"start":{"line":19,"column":4},"end":{"line":21,"column":5}},"8":{"start":{"line":20,"column":8},"end":{"line":20,"column":71}},"9":{"start":{"line":23,"column":4},"end":{"line":37,"column":5}},"10":{"start":{"line":25,"column":24},"end":{"line":25,"column":65}},"11":{"start":{"line":28,"column":8},"end":{"line":28,"column":71}},"12":{"start":{"line":30,"column":8},"end":{"line":32,"column":9}},"13":{"start":{"line":31,"column":12},"end":{"line":31,"column":54}},"14":{"start":{"line":34,"column":8},"end":{"line":34,"column":15}},"15":{"start":{"line":36,"column":8},"end":{"line":36,"column":71}},"16":{"start":{"line":43,"column":19},"end":{"line":53,"column":1}},"17":{"start":{"line":44,"column":4},"end":{"line":52,"column":6}},"18":{"start":{"line":45,"column":8},"end":{"line":50,"column":9}},"19":{"start":{"line":46,"column":12},"end":{"line":49,"column":14}},"20":{"start":{"line":51,"column":8},"end":{"line":51,"column":15}},"21":{"start":{"line":55,"column":0},"end":{"line":55,"column":41}}},"fnMap":{"0":{"name":"(anonymous_0)","decl":{"start":{"line":9,"column":29},"end":{"line":9,"column":30}},"loc":{"start":{"line":9,"column":55},"end":{"line":38,"column":1}},"line":9},"1":{"name":"(anonymous_1)","decl":{"start":{"line":43,"column":19},"end":{"line":43,"column":20}},"loc":{"start":{"line":43,"column":33},"end":{"line":53,"column":1}},"line":43},"2":{"name":"(anonymous_2)","decl":{"start":{"line":44,"column":11},"end":{"line":44,"column":12}},"loc":{"start":{"line":44,"column":31},"end":{"line":52,"column":5}},"line":44}},"branchMap":{"0":{"loc":{"start":{"line":12,"column":4},"end":{"line":17,"column":5}},"type":"if","locations":[{"start":{"line":12,"column":4},"end":{"line":17,"column":5}},{"start":{},"end":{}}],"line":12},"1":{"loc":{"start":{"line":13,"column":8},"end":{"line":14,"column":54}},"type":"binary-expr","locations":[{"start":{"line":13,"column":8},"end":{"line":13,"column":33}},{"start":{"line":14,"column":8},"end":{"line":14,"column":54}}],"line":13},"2":{"loc":{"start":{"line":19,"column":4},"end":{"line":21,"column":5}},"type":"if","locations":[{"start":{"line":19,"column":4},"end":{"line":21,"column":5}},{"start":{},"end":{}}],"line":19},"3":{"loc":{"start":{"line":30,"column":8},"end":{"line":32,"column":9}},"type":"if","locations":[{"start":{"line":30,"column":8},"end":{"line":32,"column":9}},{"start":{},"end":{}}],"line":30},"4":{"loc":{"start":{"line":45,"column":8},"end":{"line":50,"column":9}},"type":"if","locations":[{"start":{"line":45,"column":8},"end":{"line":50,"column":9}},{"start":{},"end":{}}],"line":45}},"s":{"0":9,"1":9,"2":9,"3":9,"4":9,"5":62,"6":58,"7":62,"8":4,"9":58,"10":58,"11":57,"12":57,"13":0,"14":57,"15":1,"16":9,"17":36,"18":20,"19":3,"20":17,"21":9},"f":{"0":62,"1":36,"2":20},"b":{"0":[58,4],"1":[62,58],"2":[4,58],"3":[0,57],"4":[3,17]},"_coverageSchema":"1a1c01bbd47fc00a2c39e90264f33305004495a9","hash":"8d25cd1c0817438ccc2918c9696b47f59fb770ea"}
,"C:\\Users\\Dharmi\\OneDrive\\Desktop\\Backend_Project 2\\indian_law_penal_code_patel_dharmi\\backend\\src\\middlewares\\error.middleware.js": {"path":"C:\\Users\\Dharmi\\OneDrive\\Desktop\\Backend_Project 2\\indian_law_penal_code_patel_dharmi\\backend\\src\\middlewares\\error.middleware.js","statementMap":{"0":{"start":{"line":1,"column":17},"end":{"line":1,"column":45}},"1":{"start":{"line":3,"column":24},"end":{"line":17,"column":1}},"2":{"start":{"line":4,"column":34},"end":{"line":4,"column":37}},"3":{"start":{"line":6,"column":4},"end":{"line":9,"column":5}},"4":{"start":{"line":7,"column":8},"end":{"line":7,"column":25}},"5":{"start":{"line":8,"column":8},"end":{"line":8,"column":42}},"6":{"start":{"line":11,"column":4},"end":{"line":16,"column":7}},"7":{"start":{"line":19,"column":0},"end":{"line":19,"column":33}}},"fnMap":{"0":{"name":"(anonymous_0)","decl":{"start":{"line":3,"column":24},"end":{"line":3,"column":25}},"loc":{"start":{"line":3,"column":49},"end":{"line":17,"column":1}},"line":3}},"branchMap":{"0":{"loc":{"start":{"line":6,"column":4},"end":{"line":9,"column":5}},"type":"if","locations":[{"start":{"line":6,"column":4},"end":{"line":9,"column":5}},{"start":{},"end":{}}],"line":6},"1":{"loc":{"start":{"line":14,"column":16},"end":{"line":14,"column":32}},"type":"binary-expr","locations":[{"start":{"line":14,"column":16},"end":{"line":14,"column":26}},{"start":{"line":14,"column":30},"end":{"line":14,"column":32}}],"line":14},"2":{"loc":{"start":{"line":15,"column":15},"end":{"line":15,"column":77}},"type":"cond-expr","locations":[{"start":{"line":15,"column":56},"end":{"line":15,"column":65}},{"start":{"line":15,"column":68},"end":{"line":15,"column":77}}],"line":15}},"s":{"0":9,"1":9,"2":20,"3":20,"4":0,"5":0,"6":20,"7":9},"f":{"0":20},"b":{"0":[0,20],"1":[20,20],"2":[0,20]},"_coverageSchema":"1a1c01bbd47fc00a2c39e90264f33305004495a9","hash":"c85d6dab10c9744dc043a84bc3368eb5c6e9925a"}
,"C:\\Users\\Dharmi\\OneDrive\\Desktop\\Backend_Project 2\\indian_law_penal_code_patel_dharmi\\backend\\src\\middlewares\\logger.middleware.js": {"path":"C:\\Users\\Dharmi\\OneDrive\\Desktop\\Backend_Project 2\\indian_law_penal_code_patel_dharmi\\backend\\src\\middlewares\\logger.middleware.js","statementMap":{"0":{"start":{"line":1,"column":15},"end":{"line":1,"column":32}},"1":{"start":{"line":8,"column":4},"end":{"line":10,"column":23}},"2":{"start":{"line":12,"column":0},"end":{"line":12,"column":34}}},"fnMap":{},"branchMap":{"0":{"loc":{"start":{"line":8,"column":4},"end":{"line":10,"column":23}},"type":"cond-expr","locations":[{"start":{"line":9,"column":10},"end":{"line":9,"column":28}},{"start":{"line":10,"column":10},"end":{"line":10,"column":23}}],"line":8}},"s":{"0":9,"1":9,"2":9},"f":{},"b":{"0":[0,9]},"_coverageSchema":"1a1c01bbd47fc00a2c39e90264f33305004495a9","hash":"0580639ca7adc3378407ad31850e8c66c06c4d6b"}
,"C:\\Users\\Dharmi\\OneDrive\\Desktop\\Backend_Project 2\\indian_law_penal_code_patel_dharmi\\backend\\src\\middlewares\\validate.middleware.js": {"path":"C:\\Users\\Dharmi\\OneDrive\\Desktop\\Backend_Project 2\\indian_law_penal_code_patel_dharmi\\backend\\src\\middlewares\\validate.middleware.js","statementMap":{"0":{"start":{"line":1,"column":29},"end":{"line":1,"column":57}},"1":{"start":{"line":2,"column":17},"end":{"line":2,"column":45}},"2":{"start":{"line":7,"column":17},"end":{"line":14,"column":1}},"3":{"start":{"line":8,"column":19},"end":{"line":8,"column":40}},"4":{"start":{"line":9,"column":4},"end":{"line":12,"column":5}},"5":{"start":{"line":10,"column":30},"end":{"line":10,"column":64}},"6":{"start":{"line":10,"column":56},"end":{"line":10,"column":63}},"7":{"start":{"line":11,"column":8},"end":{"line":11,"column":66}},"8":{"start":{"line":13,"column":4},"end":{"line":13,"column":11}},"9":{"start":{"line":16,"column":0},"end":{"line":16,"column":26}}},"fnMap":{"0":{"name":"(anonymous_0)","decl":{"start":{"line":7,"column":17},"end":{"line":7,"column":18}},"loc":{"start":{"line":7,"column":37},"end":{"line":14,"column":1}},"line":7},"1":{"name":"(anonymous_1)","decl":{"start":{"line":10,"column":49},"end":{"line":10,"column":50}},"loc":{"start":{"line":10,"column":56},"end":{"line":10,"column":63}},"line":10}},"branchMap":{"0":{"loc":{"start":{"line":9,"column":4},"end":{"line":12,"column":5}},"type":"if","locations":[{"start":{"line":9,"column":4},"end":{"line":12,"column":5}},{"start":{},"end":{}}],"line":9}},"s":{"0":9,"1":9,"2":9,"3":43,"4":43,"5":6,"6":12,"7":6,"8":37,"9":9},"f":{"0":43,"1":12},"b":{"0":[6,37]},"_coverageSchema":"1a1c01bbd47fc00a2c39e90264f33305004495a9","hash":"c0d8c7f6c97e0aa57519868ca590b8ad8a22b8a2"}
,"C:\\Users\\Dharmi\\OneDrive\\Desktop\\Backend_Project 2\\indian_law_penal_code_patel_dharmi\\backend\\src\\models\\Act.models.js": {"path":"C:\\Users\\Dharmi\\OneDrive\\Desktop\\Backend_Project 2\\indian_law_penal_code_patel_dharmi\\backend\\src\\models\\Act.models.js","statementMap":{"0":{"start":{"line":1,"column":17},"end":{"line":1,"column":36}},"1":{"start":{"line":3,"column":18},"end":{"line":32,"column":2}},"2":{"start":{"line":34,"column":12},"end":{"line":34,"column":44}},"3":{"start":{"line":36,"column":0},"end":{"line":36,"column":21}}},"fnMap":{},"branchMap":{},"s":{"0":9,"1":9,"2":9,"3":9},"f":{},"b":{},"_coverageSchema":"1a1c01bbd47fc00a2c39e90264f33305004495a9","hash":"19f4f89b37a74b383678ca09803c73487e6714d5"}
,"C:\\Users\\Dharmi\\OneDrive\\Desktop\\Backend_Project 2\\indian_law_penal_code_patel_dharmi\\backend\\src\\models\\AuditLog.models.js": {"path":"C:\\Users\\Dharmi\\OneDrive\\Desktop\\Backend_Project 2\\indian_law_penal_code_patel_dharmi\\backend\\src\\models\\AuditLog.models.js","statementMap":{"0":{"start":{"line":1,"column":17},"end":{"line":1,"column":36}},"1":{"start":{"line":3,"column":23},"end":{"line":30,"column":2}},"2":{"start":{"line":32,"column":17},"end":{"line":32,"column":59}},"3":{"start":{"line":33,"column":0},"end":{"line":33,"column":26}}},"fnMap":{},"branchMap":{},"s":{"0":10,"1":10,"2":10,"3":10},"f":{},"b":{},"_coverageSchema":"1a1c01bbd47fc00a2c39e90264f33305004495a9","hash":"3e0b0055b0900f7ada10596706037f89f49cbac6"}
,"C:\\Users\\Dharmi\\OneDrive\\Desktop\\Backend_Project 2\\indian_law_penal_code_patel_dharmi\\backend\\src\\models\\Bookmark.models.js": {"path":"C:\\Users\\Dharmi\\OneDrive\\Desktop\\Backend_Project 2\\indian_law_penal_code_patel_dharmi\\backend\\src\\models\\Bookmark.models.js","statementMap":{"0":{"start":{"line":1,"column":17},"end":{"line":1,"column":36}},"1":{"start":{"line":3,"column":23},"end":{"line":20,"column":2}},"2":{"start":{"line":23,"column":0},"end":{"line":23,"column":64}},"3":{"start":{"line":25,"column":17},"end":{"line":25,"column":59}},"4":{"start":{"line":26,"column":0},"end":{"line":26,"column":26}}},"fnMap":{},"branchMap":{},"s":{"0":10,"1":10,"2":10,"3":10,"4":10},"f":{},"b":{},"_coverageSchema":"1a1c01bbd47fc00a2c39e90264f33305004495a9","hash":"05a13d49c99565c70a0ad72cf6ff20d70dc75f95"}
,"C:\\Users\\Dharmi\\OneDrive\\Desktop\\Backend_Project 2\\indian_law_penal_code_patel_dharmi\\backend\\src\\models\\Note.models.js": {"path":"C:\\Users\\Dharmi\\OneDrive\\Desktop\\Backend_Project 2\\indian_law_penal_code_patel_dharmi\\backend\\src\\models\\Note.models.js","statementMap":{"0":{"start":{"line":1,"column":17},"end":{"line":1,"column":36}},"1":{"start":{"line":3,"column":19},"end":{"line":22,"column":2}},"2":{"start":{"line":24,"column":13},"end":{"line":24,"column":47}},"3":{"start":{"line":25,"column":0},"end":{"line":25,"column":22}}},"fnMap":{},"branchMap":{},"s":{"0":10,"1":10,"2":10,"3":10},"f":{},"b":{},"_coverageSchema":"1a1c01bbd47fc00a2c39e90264f33305004495a9","hash":"bfa5045e9cd28f64f1a010acee2fd41e6254b0f8"}
,"C:\\Users\\Dharmi\\OneDrive\\Desktop\\Backend_Project 2\\indian_law_penal_code_patel_dharmi\\backend\\src\\models\\SearchLog.models.js": {"path":"C:\\Users\\Dharmi\\OneDrive\\Desktop\\Backend_Project 2\\indian_law_penal_code_patel_dharmi\\backend\\src\\models\\SearchLog.models.js","statementMap":{"0":{"start":{"line":1,"column":17},"end":{"line":1,"column":36}},"1":{"start":{"line":3,"column":24},"end":{"line":24,"column":2}},"2":{"start":{"line":26,"column":18},"end":{"line":26,"column":62}},"3":{"start":{"line":27,"column":0},"end":{"line":27,"column":27}}},"fnMap":{},"branchMap":{},"s":{"0":10,"1":10,"2":10,"3":10},"f":{},"b":{},"_coverageSchema":"1a1c01bbd47fc00a2c39e90264f33305004495a9","hash":"cc526a125c0a23063c8f85f6483907f98504888c"}
,"C:\\Users\\Dharmi\\OneDrive\\Desktop\\Backend_Project 2\\indian_law_penal_code_patel_dharmi\\backend\\src\\models\\Section.models.js": {"path":"C:\\Users\\Dharmi\\OneDrive\\Desktop\\Backend_Project 2\\indian_law_penal_code_patel_dharmi\\backend\\src\\models\\Section.models.js","statementMap":{"0":{"start":{"line":1,"column":17},"end":{"line":1,"column":36}},"1":{"start":{"line":3,"column":22},"end":{"line":50,"column":2}},"2":{"start":{"line":53,"column":0},"end":{"line":53,"column":72}},"3":{"start":{"line":56,"column":0},"end":{"line":56,"column":67}},"4":{"start":{"line":58,"column":16},"end":{"line":58,"column":56}},"5":{"start":{"line":59,"column":0},"end":{"line":59,"column":25}}},"fnMap":{},"branchMap":{},"s":{"0":10,"1":10,"2":10,"3":10,"4":10,"5":10},"f":{},"b":{},"_coverageSchema":"1a1c01bbd47fc00a2c39e90264f33305004495a9","hash":"ada0031752415c647b44d9bbd97614805b58523f"}
,"C:\\Users\\Dharmi\\OneDrive\\Desktop\\Backend_Project 2\\indian_law_penal_code_patel_dharmi\\backend\\src\\models\\User.models.js": {"path":"C:\\Users\\Dharmi\\OneDrive\\Desktop\\Backend_Project 2\\indian_law_penal_code_patel_dharmi\\backend\\src\\models\\User.models.js","statementMap":{"0":{"start":{"line":1,"column":17},"end":{"line":1,"column":36}},"1":{"start":{"line":3,"column":19},"end":{"line":44,"column":2}},"2":{"start":{"line":47,"column":0},"end":{"line":51,"column":3}},"3":{"start":{"line":48,"column":4},"end":{"line":48,"column":45}},"4":{"start":{"line":48,"column":38},"end":{"line":48,"column":45}},"5":{"start":{"line":49,"column":19},"end":{"line":49,"column":38}},"6":{"start":{"line":50,"column":4},"end":{"line":50,"column":57}},"7":{"start":{"line":54,"column":0},"end":{"line":57,"column":2}},"8":{"start":{"line":55,"column":19},"end":{"line":55,"column":38}},"9":{"start":{"line":56,"column":4},"end":{"line":56,"column":66}},"10":{"start":{"line":59,"column":13},"end":{"line":59,"column":47}},"11":{"start":{"line":60,"column":0},"end":{"line":60,"column":22}}},"fnMap":{"0":{"name":"(anonymous_0)","decl":{"start":{"line":47,"column":23},"end":{"line":47,"column":24}},"loc":{"start":{"line":47,"column":41},"end":{"line":51,"column":1}},"line":47},"1":{"name":"(anonymous_1)","decl":{"start":{"line":54,"column":39},"end":{"line":54,"column":40}},"loc":{"start":{"line":54,"column":74},"end":{"line":57,"column":1}},"line":54}},"branchMap":{"0":{"loc":{"start":{"line":48,"column":4},"end":{"line":48,"column":45}},"type":"if","locations":[{"start":{"line":48,"column":4},"end":{"line":48,"column":45}},{"start":{},"end":{}}],"line":48}},"s":{"0":10,"1":10,"2":10,"3":19,"4":7,"5":12,"6":12,"7":10,"8":5,"9":5,"10":10,"11":10},"f":{"0":19,"1":5},"b":{"0":[7,12]},"_coverageSchema":"1a1c01bbd47fc00a2c39e90264f33305004495a9","hash":"034e7f65ae7c70c822c1993b2bf4bde8b800dd82"}
,"C:\\Users\\Dharmi\\OneDrive\\Desktop\\Backend_Project 2\\indian_law_penal_code_patel_dharmi\\backend\\src\\routes\\v1\\act.routes.js": {"path":"C:\\Users\\Dharmi\\OneDrive\\Desktop\\Backend_Project 2\\indian_law_penal_code_patel_dharmi\\backend\\src\\routes\\v1\\act.routes.js","statementMap":{"0":{"start":{"line":1,"column":16},"end":{"line":1,"column":34}},"1":{"start":{"line":2,"column":15},"end":{"line":2,"column":31}},"2":{"start":{"line":3,"column":22},"end":{"line":3,"column":65}},"3":{"start":{"line":4,"column":20},"end":{"line":4,"column":64}},"4":{"start":{"line":7,"column":0},"end":{"line":7,"column":20}},"5":{"start":{"line":9,"column":0},"end":{"line":9,"column":42}},"6":{"start":{"line":10,"column":0},"end":{"line":10,"column":52}},"7":{"start":{"line":11,"column":0},"end":{"line":11,"column":63}},"8":{"start":{"line":12,"column":0},"end":{"line":12,"column":63}},"9":{"start":{"line":13,"column":0},"end":{"line":13,"column":57}},"10":{"start":{"line":15,"column":0},"end":{"line":15,"column":24}}},"fnMap":{},"branchMap":{},"s":{"0":9,"1":9,"2":9,"3":9,"4":9,"5":9,"6":9,"7":9,"8":9,"9":9,"10":9},"f":{},"b":{},"_coverageSchema":"1a1c01bbd47fc00a2c39e90264f33305004495a9","hash":"d8120837fa87398b6281d46d57537e253f733f73"}
,"C:\\Users\\Dharmi\\OneDrive\\Desktop\\Backend_Project 2\\indian_law_penal_code_patel_dharmi\\backend\\src\\routes\\v1\\analytics.routes.js": {"path":"C:\\Users\\Dharmi\\OneDrive\\Desktop\\Backend_Project 2\\indian_law_penal_code_patel_dharmi\\backend\\src\\routes\\v1\\analytics.routes.js","statementMap":{"0":{"start":{"line":1,"column":16},"end":{"line":1,"column":34}},"1":{"start":{"line":2,"column":15},"end":{"line":2,"column":31}},"2":{"start":{"line":3,"column":28},"end":{"line":3,"column":77}},"3":{"start":{"line":4,"column":32},"end":{"line":4,"column":76}},"4":{"start":{"line":13,"column":4},"end":{"line":13,"column":51}},"5":{"start":{"line":16,"column":0},"end":{"line":16,"column":20}},"6":{"start":{"line":17,"column":0},"end":{"line":17,"column":32}},"7":{"start":{"line":19,"column":0},"end":{"line":19,"column":75}},"8":{"start":{"line":20,"column":0},"end":{"line":20,"column":85}},"9":{"start":{"line":21,"column":0},"end":{"line":21,"column":93}},"10":{"start":{"line":22,"column":0},"end":{"line":22,"column":76}},"11":{"start":{"line":23,"column":0},"end":{"line":23,"column":79}},"12":{"start":{"line":24,"column":0},"end":{"line":24,"column":88}},"13":{"start":{"line":25,"column":0},"end":{"line":25,"column":82}},"14":{"start":{"line":27,"column":0},"end":{"line":27,"column":24}}},"fnMap":{},"branchMap":{},"s":{"0":9,"1":9,"2":9,"3":9,"4":9,"5":9,"6":9,"7":9,"8":9,"9":9,"10":9,"11":9,"12":9,"13":9,"14":9},"f":{},"b":{},"_coverageSchema":"1a1c01bbd47fc00a2c39e90264f33305004495a9","hash":"3bdcf092b4fd291379327e1a0fde49daf4314ab7"}
,"C:\\Users\\Dharmi\\OneDrive\\Desktop\\Backend_Project 2\\indian_law_penal_code_patel_dharmi\\backend\\src\\routes\\v1\\auth.routes.js": {"path":"C:\\Users\\Dharmi\\OneDrive\\Desktop\\Backend_Project 2\\indian_law_penal_code_patel_dharmi\\backend\\src\\routes\\v1\\auth.routes.js","statementMap":{"0":{"start":{"line":1,"column":16},"end":{"line":1,"column":34}},"1":{"start":{"line":2,"column":15},"end":{"line":2,"column":31}},"2":{"start":{"line":3,"column":57},"end":{"line":3,"column":101}},"3":{"start":{"line":4,"column":20},"end":{"line":4,"column":64}},"4":{"start":{"line":5,"column":46},"end":{"line":5,"column":88}},"5":{"start":{"line":6,"column":17},"end":{"line":6,"column":65}},"6":{"start":{"line":8,"column":0},"end":{"line":8,"column":64}},"7":{"start":{"line":9,"column":0},"end":{"line":9,"column":55}},"8":{"start":{"line":10,"column":0},"end":{"line":10,"column":44}},"9":{"start":{"line":11,"column":0},"end":{"line":11,"column":34}},"10":{"start":{"line":12,"column":0},"end":{"line":12,"column":40}},"11":{"start":{"line":14,"column":0},"end":{"line":14,"column":24}}},"fnMap":{},"branchMap":{},"s":{"0":9,"1":9,"2":9,"3":9,"4":9,"5":9,"6":9,"7":9,"8":9,"9":9,"10":9,"11":9},"f":{},"b":{},"_coverageSchema":"1a1c01bbd47fc00a2c39e90264f33305004495a9","hash":"96048509c161d033596af8fff3518f99d5d521d3"}
,"C:\\Users\\Dharmi\\OneDrive\\Desktop\\Backend_Project 2\\indian_law_penal_code_patel_dharmi\\backend\\src\\routes\\v1\\bookmark.routes.js": {"path":"C:\\Users\\Dharmi\\OneDrive\\Desktop\\Backend_Project 2\\indian_law_penal_code_patel_dharmi\\backend\\src\\routes\\v1\\bookmark.routes.js","statementMap":{"0":{"start":{"line":1,"column":16},"end":{"line":1,"column":34}},"1":{"start":{"line":2,"column":15},"end":{"line":2,"column":31}},"2":{"start":{"line":3,"column":27},"end":{"line":3,"column":75}},"3":{"start":{"line":4,"column":20},"end":{"line":4,"column":64}},"4":{"start":{"line":9,"column":4},"end":{"line":9,"column":50}},"5":{"start":{"line":12,"column":0},"end":{"line":12,"column":20}},"6":{"start":{"line":14,"column":0},"end":{"line":15,"column":68}},"7":{"start":{"line":17,"column":0},"end":{"line":19,"column":66}},"8":{"start":{"line":21,"column":0},"end":{"line":21,"column":92}},"9":{"start":{"line":22,"column":0},"end":{"line":22,"column":85}},"10":{"start":{"line":24,"column":0},"end":{"line":24,"column":24}}},"fnMap":{},"branchMap":{},"s":{"0":9,"1":9,"2":9,"3":9,"4":9,"5":9,"6":9,"7":9,"8":9,"9":9,"10":9},"f":{},"b":{},"_coverageSchema":"1a1c01bbd47fc00a2c39e90264f33305004495a9","hash":"e0f7fabf71a7b3c2033373b88d0d72ffea5170ab"}
,"C:\\Users\\Dharmi\\OneDrive\\Desktop\\Backend_Project 2\\indian_law_penal_code_patel_dharmi\\backend\\src\\routes\\v1\\note.routes.js": {"path":"C:\\Users\\Dharmi\\OneDrive\\Desktop\\Backend_Project 2\\indian_law_penal_code_patel_dharmi\\backend\\src\\routes\\v1\\note.routes.js","statementMap":{"0":{"start":{"line":1,"column":16},"end":{"line":1,"column":34}},"1":{"start":{"line":2,"column":15},"end":{"line":2,"column":31}},"2":{"start":{"line":3,"column":23},"end":{"line":3,"column":67}},"3":{"start":{"line":4,"column":20},"end":{"line":4,"column":64}},"4":{"start":{"line":5,"column":24},"end":{"line":5,"column":52}},"5":{"start":{"line":6,"column":17},"end":{"line":6,"column":65}},"6":{"start":{"line":9,"column":0},"end":{"line":9,"column":20}},"7":{"start":{"line":12,"column":27},"end":{"line":20,"column":1}},"8":{"start":{"line":22,"column":27},"end":{"line":29,"column":1}},"9":{"start":{"line":31,"column":23},"end":{"line":35,"column":1}},"10":{"start":{"line":38,"column":0},"end":{"line":40,"column":57}},"11":{"start":{"line":42,"column":0},"end":{"line":44,"column":55}},"12":{"start":{"line":46,"column":0},"end":{"line":46,"column":24}}},"fnMap":{},"branchMap":{},"s":{"0":9,"1":9,"2":9,"3":9,"4":9,"5":9,"6":9,"7":9,"8":9,"9":9,"10":9,"11":9,"12":9},"f":{},"b":{},"_coverageSchema":"1a1c01bbd47fc00a2c39e90264f33305004495a9","hash":"1a464d00274a554ea0273bae53f2a351f9d8411a"}
,"C:\\Users\\Dharmi\\OneDrive\\Desktop\\Backend_Project 2\\indian_law_penal_code_patel_dharmi\\backend\\src\\routes\\v1\\search.routes.js": {"path":"C:\\Users\\Dharmi\\OneDrive\\Desktop\\Backend_Project 2\\indian_law_penal_code_patel_dharmi\\backend\\src\\routes\\v1\\search.routes.js","statementMap":{"0":{"start":{"line":1,"column":16},"end":{"line":1,"column":34}},"1":{"start":{"line":2,"column":15},"end":{"line":2,"column":31}},"2":{"start":{"line":3,"column":25},"end":{"line":3,"column":71}},"3":{"start":{"line":4,"column":20},"end":{"line":4,"column":64}},"4":{"start":{"line":5,"column":17},"end":{"line":5,"column":65}},"5":{"start":{"line":6,"column":34},"end":{"line":6,"column":78}},"6":{"start":{"line":9,"column":0},"end":{"line":14,"column":67}},"7":{"start":{"line":11,"column":4},"end":{"line":13,"column":7}},"8":{"start":{"line":12,"column":8},"end":{"line":12,"column":15}},"9":{"start":{"line":16,"column":0},"end":{"line":16,"column":24}}},"fnMap":{"0":{"name":"(anonymous_0)","decl":{"start":{"line":9,"column":22},"end":{"line":9,"column":23}},"loc":{"start":{"line":9,"column":42},"end":{"line":14,"column":1}},"line":9},"1":{"name":"(anonymous_1)","decl":{"start":{"line":11,"column":22},"end":{"line":11,"column":23}},"loc":{"start":{"line":11,"column":31},"end":{"line":13,"column":5}},"line":11}},"branchMap":{},"s":{"0":9,"1":9,"2":9,"3":9,"4":9,"5":9,"6":9,"7":3,"8":3,"9":9},"f":{"0":3,"1":3},"b":{},"_coverageSchema":"1a1c01bbd47fc00a2c39e90264f33305004495a9","hash":"876cef7dc68d2df84dbbbaf487ab19806ddd78f3"}
,"C:\\Users\\Dharmi\\OneDrive\\Desktop\\Backend_Project 2\\indian_law_penal_code_patel_dharmi\\backend\\src\\routes\\v1\\section.routes.js": {"path":"C:\\Users\\Dharmi\\OneDrive\\Desktop\\Backend_Project 2\\indian_law_penal_code_patel_dharmi\\backend\\src\\routes\\v1\\section.routes.js","statementMap":{"0":{"start":{"line":1,"column":16},"end":{"line":1,"column":34}},"1":{"start":{"line":2,"column":15},"end":{"line":2,"column":31}},"2":{"start":{"line":3,"column":26},"end":{"line":3,"column":73}},"3":{"start":{"line":4,"column":25},"end":{"line":4,"column":71}},"4":{"start":{"line":5,"column":22},"end":{"line":5,"column":65}},"5":{"start":{"line":6,"column":32},"end":{"line":6,"column":76}},"6":{"start":{"line":7,"column":17},"end":{"line":7,"column":65}},"7":{"start":{"line":13,"column":4},"end":{"line":13,"column":49}},"8":{"start":{"line":14,"column":53},"end":{"line":14,"column":97}},"9":{"start":{"line":17,"column":0},"end":{"line":17,"column":20}},"10":{"start":{"line":20,"column":0},"end":{"line":20,"column":83}},"11":{"start":{"line":21,"column":0},"end":{"line":21,"column":82}},"12":{"start":{"line":22,"column":0},"end":{"line":22,"column":58}},"13":{"start":{"line":23,"column":0},"end":{"line":23,"column":59}},"14":{"start":{"line":24,"column":0},"end":{"line":24,"column":63}},"15":{"start":{"line":25,"column":0},"end":{"line":25,"column":58}},"16":{"start":{"line":28,"column":0},"end":{"line":28,"column":117}},"17":{"start":{"line":30,"column":0},"end":{"line":30,"column":78}},"18":{"start":{"line":31,"column":0},"end":{"line":31,"column":86}},"19":{"start":{"line":32,"column":0},"end":{"line":32,"column":98}},"20":{"start":{"line":33,"column":0},"end":{"line":33,"column":98}},"21":{"start":{"line":36,"column":0},"end":{"line":36,"column":32}},"22":{"start":{"line":38,"column":0},"end":{"line":38,"column":84}},"23":{"start":{"line":40,"column":0},"end":{"line":43,"column":74}},"24":{"start":{"line":45,"column":0},"end":{"line":45,"column":92}},"25":{"start":{"line":46,"column":0},"end":{"line":46,"column":92}},"26":{"start":{"line":48,"column":0},"end":{"line":48,"column":24}}},"fnMap":{},"branchMap":{},"s":{"0":9,"1":9,"2":9,"3":9,"4":9,"5":9,"6":9,"7":9,"8":9,"9":9,"10":9,"11":9,"12":9,"13":9,"14":9,"15":9,"16":9,"17":9,"18":9,"19":9,"20":9,"21":9,"22":9,"23":9,"24":9,"25":9,"26":9},"f":{},"b":{},"_coverageSchema":"1a1c01bbd47fc00a2c39e90264f33305004495a9","hash":"b6894a49f85f2273b43349096baa6b4d32b490dc"}
,"C:\\Users\\Dharmi\\OneDrive\\Desktop\\Backend_Project 2\\indian_law_penal_code_patel_dharmi\\backend\\src\\routes\\v1\\user.routes.js": {"path":"C:\\Users\\Dharmi\\OneDrive\\Desktop\\Backend_Project 2\\indian_law_penal_code_patel_dharmi\\backend\\src\\routes\\v1\\user.routes.js","statementMap":{"0":{"start":{"line":1,"column":16},"end":{"line":1,"column":34}},"1":{"start":{"line":2,"column":15},"end":{"line":2,"column":31}},"2":{"start":{"line":3,"column":23},"end":{"line":3,"column":67}},"3":{"start":{"line":4,"column":32},"end":{"line":4,"column":76}},"4":{"start":{"line":6,"column":0},"end":{"line":6,"column":20}},"5":{"start":{"line":8,"column":0},"end":{"line":8,"column":50}},"6":{"start":{"line":10,"column":0},"end":{"line":10,"column":32}},"7":{"start":{"line":12,"column":0},"end":{"line":13,"column":37}},"8":{"start":{"line":15,"column":0},"end":{"line":15,"column":50}},"9":{"start":{"line":17,"column":0},"end":{"line":19,"column":39}},"10":{"start":{"line":21,"column":0},"end":{"line":21,"column":57}},"11":{"start":{"line":22,"column":0},"end":{"line":22,"column":61}},"12":{"start":{"line":24,"column":0},"end":{"line":24,"column":24}}},"fnMap":{},"branchMap":{},"s":{"0":9,"1":9,"2":9,"3":9,"4":9,"5":9,"6":9,"7":9,"8":9,"9":9,"10":9,"11":9,"12":9},"f":{},"b":{},"_coverageSchema":"1a1c01bbd47fc00a2c39e90264f33305004495a9","hash":"6b2b2755105367b138e09e71a90453c3d95ac51a"}
,"C:\\Users\\Dharmi\\OneDrive\\Desktop\\Backend_Project 2\\indian_law_penal_code_patel_dharmi\\backend\\src\\services\\act.service.js": {"path":"C:\\Users\\Dharmi\\OneDrive\\Desktop\\Backend_Project 2\\indian_law_penal_code_patel_dharmi\\backend\\src\\services\\act.service.js","statementMap":{"0":{"start":{"line":1,"column":12},"end":{"line":1,"column":43}},"1":{"start":{"line":2,"column":16},"end":{"line":2,"column":51}},"2":{"start":{"line":3,"column":17},"end":{"line":3,"column":45}},"3":{"start":{"line":4,"column":32},"end":{"line":4,"column":66}},"4":{"start":{"line":6,"column":19},"end":{"line":8,"column":1}},"5":{"start":{"line":7,"column":4},"end":{"line":7,"column":49}},"6":{"start":{"line":10,"column":21},"end":{"line":16,"column":1}},"7":{"start":{"line":11,"column":16},"end":{"line":11,"column":46}},"8":{"start":{"line":12,"column":4},"end":{"line":14,"column":5}},"9":{"start":{"line":13,"column":8},"end":{"line":13,"column":49}},"10":{"start":{"line":15,"column":4},"end":{"line":15,"column":15}},"11":{"start":{"line":18,"column":23},"end":{"line":33,"column":1}},"12":{"start":{"line":19,"column":19},"end":{"line":19,"column":49}},"13":{"start":{"line":20,"column":17},"end":{"line":20,"column":51}},"14":{"start":{"line":22,"column":26},"end":{"line":29,"column":6}},"15":{"start":{"line":31,"column":17},"end":{"line":31,"column":72}},"16":{"start":{"line":32,"column":4},"end":{"line":32,"column":26}},"17":{"start":{"line":35,"column":23},"end":{"line":49,"column":1}},"18":{"start":{"line":37,"column":21},"end":{"line":47,"column":6}},"19":{"start":{"line":48,"column":4},"end":{"line":48,"column":20}},"20":{"start":{"line":51,"column":20},"end":{"line":93,"column":1}},"21":{"start":{"line":52,"column":16},"end":{"line":52,"column":43}},"22":{"start":{"line":54,"column":18},"end":{"line":78,"column":6}},"23":{"start":{"line":80,"column":19},"end":{"line":80,"column":109}},"24":{"start":{"line":83,"column":34},"end":{"line":85,"column":11}},"25":{"start":{"line":87,"column":4},"end":{"line":92,"column":6}},"26":{"start":{"line":95,"column":0},"end":{"line":101,"column":2}}},"fnMap":{"0":{"name":"(anonymous_0)","decl":{"start":{"line":6,"column":19},"end":{"line":6,"column":20}},"loc":{"start":{"line":6,"column":31},"end":{"line":8,"column":1}},"line":6},"1":{"name":"(anonymous_1)","decl":{"start":{"line":10,"column":21},"end":{"line":10,"column":22}},"loc":{"start":{"line":10,"column":40},"end":{"line":16,"column":1}},"line":10},"2":{"name":"(anonymous_2)","decl":{"start":{"line":18,"column":23},"end":{"line":18,"column":24}},"loc":{"start":{"line":18,"column":64},"end":{"line":33,"column":1}},"line":18},"3":{"name":"(anonymous_3)","decl":{"start":{"line":35,"column":23},"end":{"line":35,"column":24}},"loc":{"start":{"line":35,"column":42},"end":{"line":49,"column":1}},"line":35},"4":{"name":"(anonymous_4)","decl":{"start":{"line":51,"column":20},"end":{"line":51,"column":21}},"loc":{"start":{"line":51,"column":39},"end":{"line":93,"column":1}},"line":51}},"branchMap":{"0":{"loc":{"start":{"line":12,"column":4},"end":{"line":14,"column":5}},"type":"if","locations":[{"start":{"line":12,"column":4},"end":{"line":14,"column":5}},{"start":{},"end":{}}],"line":12},"1":{"loc":{"start":{"line":18,"column":39},"end":{"line":18,"column":47}},"type":"default-arg","locations":[{"start":{"line":18,"column":46},"end":{"line":18,"column":47}}],"line":18},"2":{"loc":{"start":{"line":18,"column":49},"end":{"line":18,"column":59}},"type":"default-arg","locations":[{"start":{"line":18,"column":57},"end":{"line":18,"column":59}}],"line":18},"3":{"loc":{"start":{"line":80,"column":19},"end":{"line":80,"column":109}},"type":"binary-expr","locations":[{"start":{"line":80,"column":19},"end":{"line":80,"column":27}},{"start":{"line":80,"column":31},"end":{"line":80,"column":109}}],"line":80},"4":{"loc":{"start":{"line":83,"column":34},"end":{"line":85,"column":11}},"type":"cond-expr","locations":[{"start":{"line":84,"column":10},"end":{"line":84,"column":66}},{"start":{"line":85,"column":10},"end":{"line":85,"column":11}}],"line":83}},"s":{"0":9,"1":9,"2":9,"3":9,"4":9,"5":1,"6":9,"7":3,"8":3,"9":1,"10":2,"11":9,"12":2,"13":2,"14":2,"15":2,"16":2,"17":9,"18":1,"19":1,"20":9,"21":1,"22":1,"23":1,"24":1,"25":1,"26":9},"f":{"0":1,"1":3,"2":2,"3":1,"4":1},"b":{"0":[1,2],"1":[2],"2":[2],"3":[1,0],"4":[1,0]},"_coverageSchema":"1a1c01bbd47fc00a2c39e90264f33305004495a9","hash":"e427446b83a8778086ae31840ef192d6f4b4612f"}
,"C:\\Users\\Dharmi\\OneDrive\\Desktop\\Backend_Project 2\\indian_law_penal_code_patel_dharmi\\backend\\src\\services\\analytics.service.js": {"path":"C:\\Users\\Dharmi\\OneDrive\\Desktop\\Backend_Project 2\\indian_law_penal_code_patel_dharmi\\backend\\src\\services\\analytics.service.js","statementMap":{"0":{"start":{"line":1,"column":13},"end":{"line":1,"column":45}},"1":{"start":{"line":2,"column":16},"end":{"line":2,"column":51}},"2":{"start":{"line":3,"column":17},"end":{"line":3,"column":53}},"3":{"start":{"line":4,"column":13},"end":{"line":4,"column":45}},"4":{"start":{"line":5,"column":18},"end":{"line":5,"column":55}},"5":{"start":{"line":10,"column":25},"end":{"line":24,"column":1}},"6":{"start":{"line":11,"column":68},"end":{"line":16,"column":6}},"7":{"start":{"line":18,"column":4},"end":{"line":23,"column":6}},"8":{"start":{"line":29,"column":27},"end":{"line":41,"column":1}},"9":{"start":{"line":30,"column":4},"end":{"line":40,"column":7}},"10":{"start":{"line":46,"column":29},"end":{"line":77,"column":1}},"11":{"start":{"line":47,"column":23},"end":{"line":47,"column":52}},"12":{"start":{"line":48,"column":4},"end":{"line":50,"column":5}},"13":{"start":{"line":49,"column":8},"end":{"line":49,"column":51}},"14":{"start":{"line":52,"column":4},"end":{"line":76,"column":7}},"15":{"start":{"line":82,"column":25},"end":{"line":87,"column":1}},"16":{"start":{"line":83,"column":4},"end":{"line":86,"column":72}},"17":{"start":{"line":92,"column":24},"end":{"line":119,"column":1}},"18":{"start":{"line":93,"column":22},"end":{"line":93,"column":32}},"19":{"start":{"line":94,"column":4},"end":{"line":94,"column":58}},"20":{"start":{"line":96,"column":4},"end":{"line":118,"column":7}},"21":{"start":{"line":124,"column":22},"end":{"line":151,"column":1}},"22":{"start":{"line":125,"column":22},"end":{"line":125,"column":32}},"23":{"start":{"line":126,"column":4},"end":{"line":126,"column":62}},"24":{"start":{"line":128,"column":4},"end":{"line":150,"column":7}},"25":{"start":{"line":156,"column":28},"end":{"line":174,"column":1}},"26":{"start":{"line":157,"column":4},"end":{"line":173,"column":7}},"27":{"start":{"line":176,"column":0},"end":{"line":184,"column":2}}},"fnMap":{"0":{"name":"(anonymous_0)","decl":{"start":{"line":10,"column":25},"end":{"line":10,"column":26}},"loc":{"start":{"line":10,"column":37},"end":{"line":24,"column":1}},"line":10},"1":{"name":"(anonymous_1)","decl":{"start":{"line":29,"column":27},"end":{"line":29,"column":28}},"loc":{"start":{"line":29,"column":39},"end":{"line":41,"column":1}},"line":29},"2":{"name":"(anonymous_2)","decl":{"start":{"line":46,"column":29},"end":{"line":46,"column":30}},"loc":{"start":{"line":46,"column":48},"end":{"line":77,"column":1}},"line":46},"3":{"name":"(anonymous_3)","decl":{"start":{"line":82,"column":25},"end":{"line":82,"column":26}},"loc":{"start":{"line":82,"column":47},"end":{"line":87,"column":1}},"line":82},"4":{"name":"(anonymous_4)","decl":{"start":{"line":92,"column":24},"end":{"line":92,"column":25}},"loc":{"start":{"line":92,"column":44},"end":{"line":119,"column":1}},"line":92},"5":{"name":"(anonymous_5)","decl":{"start":{"line":124,"column":22},"end":{"line":124,"column":23}},"loc":{"start":{"line":124,"column":44},"end":{"line":151,"column":1}},"line":124},"6":{"name":"(anonymous_6)","decl":{"start":{"line":156,"column":28},"end":{"line":156,"column":29}},"loc":{"start":{"line":156,"column":50},"end":{"line":174,"column":1}},"line":156}},"branchMap":{"0":{"loc":{"start":{"line":48,"column":4},"end":{"line":50,"column":5}},"type":"if","locations":[{"start":{"line":48,"column":4},"end":{"line":50,"column":5}},{"start":{},"end":{}}],"line":48},"1":{"loc":{"start":{"line":82,"column":32},"end":{"line":82,"column":42}},"type":"default-arg","locations":[{"start":{"line":82,"column":40},"end":{"line":82,"column":42}}],"line":82},"2":{"loc":{"start":{"line":92,"column":31},"end":{"line":92,"column":39}},"type":"default-arg","locations":[{"start":{"line":92,"column":38},"end":{"line":92,"column":39}}],"line":92},"3":{"loc":{"start":{"line":124,"column":29},"end":{"line":124,"column":39}},"type":"default-arg","locations":[{"start":{"line":124,"column":38},"end":{"line":124,"column":39}}],"line":124},"4":{"loc":{"start":{"line":156,"column":35},"end":{"line":156,"column":45}},"type":"default-arg","locations":[{"start":{"line":156,"column":43},"end":{"line":156,"column":45}}],"line":156}},"s":{"0":9,"1":9,"2":9,"3":9,"4":9,"5":9,"6":1,"7":1,"8":9,"9":1,"10":9,"11":0,"12":0,"13":0,"14":0,"15":9,"16":1,"17":9,"18":1,"19":1,"20":1,"21":9,"22":0,"23":0,"24":0,"25":9,"26":1,"27":9},"f":{"0":1,"1":1,"2":0,"3":1,"4":1,"5":0,"6":1},"b":{"0":[0,0],"1":[0],"2":[0],"3":[0],"4":[0]},"_coverageSchema":"1a1c01bbd47fc00a2c39e90264f33305004495a9","hash":"3af00269e023846338d99a1040bb2d09e9636c5f"}
[...]
9},"end":{"line":132,"column":34}},"60":{"start":{"line":133,"column":4},"end":{"line":133,"column":27}},"61":{"start":{"line":135,"column":4},"end":{"line":135,"column":18}},"62":{"start":{"line":138,"column":0},"end":{"line":146,"column":2}}},"fnMap":{"0":{"name":"(anonymous_0)","decl":{"start":{"line":6,"column":20},"end":{"line":6,"column":21}},"loc":{"start":{"line":6,"column":80},"end":{"line":31,"column":1}},"line":6},"1":{"name":"(anonymous_1)","decl":{"start":{"line":33,"column":20},"end":{"line":33,"column":21}},"loc":{"start":{"line":33,"column":34},"end":{"line":39,"column":1}},"line":33},"2":{"name":"(anonymous_2)","decl":{"start":{"line":41,"column":23},"end":{"line":41,"column":24}},"loc":{"start":{"line":41,"column":43},"end":{"line":57,"column":1}},"line":41},"3":{"name":"(anonymous_3)","decl":{"start":{"line":59,"column":25},"end":{"line":59,"column":26}},"loc":{"start":{"line":59,"column":49},"end":{"line":70,"column":1}},"line":59},"4":{"name":"(anonymous_4)","decl":{"start":{"line":72,"column":19},"end":{"line":72,"column":20}},"loc":{"start":{"line":72,"column":33},"end":{"line":83,"column":1}},"line":72},"5":{"name":"(anonymous_5)","decl":{"start":{"line":85,"column":21},"end":{"line":85,"column":22}},"loc":{"start":{"line":85,"column":33},"end":{"line":104,"column":1}},"line":85},"6":{"name":"(anonymous_6)","decl":{"start":{"line":106,"column":22},"end":{"line":106,"column":23}},"loc":{"start":{"line":106,"column":52},"end":{"line":136,"column":1}},"line":106}},"branchMap":{"0":{"loc":{"start":{"line":6,"column":29},"end":{"line":6,"column":37}},"type":"default-arg","locations":[{"start":{"line":6,"column":36},"end":{"line":6,"column":37}}],"line":6},"1":{"loc":{"start":{"line":6,"column":39},"end":{"line":6,"column":49}},"type":"default-arg","locations":[{"start":{"line":6,"column":47},"end":{"line":6,"column":49}}],"line":6},"2":{"loc":{"start":{"line":8,"column":4},"end":{"line":8,"column":33}},"type":"if","locations":[{"start":{"line":8,"column":4},"end":{"line":8,"column":33}},{"start":{},"end":{}}],"line":8},"3":{"loc":{"start":{"line":9,"column":4},"end":{"line":9,"column":59}},"type":"if","locations":[{"start":{"line":9,"column":4},"end":{"line":9,"column":59}},{"start":{},"end":{}}],"line":9},"4":{"loc":{"start":{"line":11,"column":4},"end":{"line":16,"column":5}},"type":"if","locations":[{"start":{"line":11,"column":4},"end":{"line":16,"column":5}},{"start":{},"end":{}}],"line":11},"5":{"loc":{"start":{"line":35,"column":4},"end":{"line":37,"column":5}},"type":"if","locations":[{"start":{"line":35,"column":4},"end":{"line":37,"column":5}},{"start":{},"end":{}}],"line":35},"6":{"loc":{"start":{"line":43,"column":4},"end":{"line":45,"column":5}},"type":"if","locations":[{"start":{"line":43,"column":4},"end":{"line":45,"column":5}},{"start":{},"end":{}}],"line":43},"7":{"loc":{"start":{"line":53,"column":4},"end":{"line":55,"column":5}},"type":"if","locations":[{"start":{"line":53,"column":4},"end":{"line":55,"column":5}},{"start":{},"end":{}}],"line":53},"8":{"loc":{"start":{"line":66,"column":4},"end":{"line":68,"column":5}},"type":"if","locations":[{"start":{"line":66,"column":4},"end":{"line":68,"column":5}},{"start":{},"end":{}}],"line":66},"9":{"loc":{"start":{"line":79,"column":4},"end":{"line":81,"column":5}},"type":"if","locations":[{"start":{"line":79,"column":4},"end":{"line":81,"column":5}},{"start":{},"end":{}}],"line":79},"10":{"loc":{"start":{"line":103,"column":11},"end":{"line":103,"column":84}},"type":"binary-expr","locations":[{"start":{"line":103,"column":11},"end":{"line":103,"column":19}},{"start":{"line":103,"column":23},"end":{"line":103,"column":84}}],"line":103},"11":{"loc":{"start":{"line":110,"column":4},"end":{"line":112,"column":5}},"type":"if","locations":[{"start":{"line":110,"column":4},"end":{"line":112,"column":5}},{"start":{},"end":{}}],"line":110},"12":{"loc":{"start":{"line":114,"column":4},"end":{"line":125,"column":5}},"type":"if","locations":[{"start":{"line":114,"column":4},"end":{"line":125,"column":5}},{"start":{},"end":{}}],"line":114},"13":{"loc":{"start":{"line":115,"column":8},"end":{"line":117,"column":9}},"type":"if","locations":[{"start":{"line":115,"column":8},"end":{"line":117,"column":9}},{"start":{},"end":{}}],"line":115},"14":{"loc":{"start":{"line":120,"column":8},"end":{"line":122,"column":9}},"type":"if","locations":[{"start":{"line":120,"column":8},"end":{"line":122,"column":9}},{"start":{},"end":{}}],"line":120},"15":{"loc":{"start":{"line":127,"column":4},"end":{"line":127,"column":31}},"type":"if","locations":[{"start":{"line":127,"column":4},"end":{"line":127,"column":31}},{"start":{},"end":{}}],"line":127},"16":{"loc":{"start":{"line":128,"column":4},"end":{"line":128,"column":34}},"type":"if","locations":[{"start":{"line":128,"column":4},"end":{"line":128,"column":34}},{"start":{},"end":{}}],"line":128}},"s":{"0":9,"1":9,"2":9,"3":9,"4":9,"5":1,"6":1,"7":0,"8":1,"9":0,"10":1,"11":0,"12":1,"13":1,"14":1,"15":1,"16":9,"17":1,"18":1,"19":0,"20":1,"21":9,"22":1,"23":1,"24":0,"25":1,"26":1,"27":0,"28":1,"29":9,"30":1,"31":1,"32":0,"33":1,"34":9,"35":1,"36":1,"37":0,"38":1,"39":9,"40":1,"41":1,"42":9,"43":1,"44":1,"45":1,"46":0,"47":1,"48":0,"49":0,"50":0,"51":0,"52":0,"53":0,"54":1,"55":1,"56":1,"57":0,"58":1,"59":1,"60":1,"61":1,"62":9},"f":{"0":1,"1":1,"2":1,"3":1,"4":1,"5":1,"6":1},"b":{"0":[1],"1":[1],"2":[0,1],"3":[0,1],"4":[0,1],"5":[0,1],"6":[0,1],"7":[0,1],"8":[0,1],"9":[0,1],"10":[1,0],"11":[0,1],"12":[0,1],"13":[0,0],"14":[0,0],"15":[1,0],"16":[0,1]},"_coverageSchema":"1a1c01bbd47fc00a2c39e90264f33305004495a9","hash":"6dd8e8d97d62f9fa7574ee542e89c481eba72ed5"}
,"C:\\Users\\Dharmi\\OneDrive\\Desktop\\Backend_Project 2\\indian_law_penal_code_patel_dharmi\\backend\\src\\utils\\ApiError.js": {"path":"C:\\Users\\Dharmi\\OneDrive\\Desktop\\Backend_Project 2\\indian_law_penal_code_patel_dharmi\\backend\\src\\utils\\ApiError.js","statementMap":{"0":{"start":{"line":3,"column":8},"end":{"line":3,"column":23}},"1":{"start":{"line":4,"column":8},"end":{"line":4,"column":37}},"2":{"start":{"line":5,"column":8},"end":{"line":5,"column":43}},"3":{"start":{"line":6,"column":8},"end":{"line":10,"column":9}},"4":{"start":{"line":7,"column":12},"end":{"line":7,"column":31}},"5":{"start":{"line":9,"column":12},"end":{"line":9,"column":60}},"6":{"start":{"line":14,"column":0},"end":{"line":14,"column":26}}},"fnMap":{"0":{"name":"(anonymous_0)","decl":{"start":{"line":2,"column":4},"end":{"line":2,"column":5}},"loc":{"start":{"line":2,"column":71},"end":{"line":11,"column":5}},"line":2}},"branchMap":{"0":{"loc":{"start":{"line":2,"column":37},"end":{"line":2,"column":57}},"type":"default-arg","locations":[{"start":{"line":2,"column":53},"end":{"line":2,"column":57}}],"line":2},"1":{"loc":{"start":{"line":2,"column":59},"end":{"line":2,"column":69}},"type":"default-arg","locations":[{"start":{"line":2,"column":67},"end":{"line":2,"column":69}}],"line":2},"2":{"loc":{"start":{"line":6,"column":8},"end":{"line":10,"column":9}},"type":"if","locations":[{"start":{"line":6,"column":8},"end":{"line":10,"column":9}},{"start":{"line":8,"column":15},"end":{"line":10,"column":9}}],"line":6}},"s":{"0":21,"1":21,"2":21,"3":21,"4":0,"5":21,"6":9},"f":{"0":21},"b":{"0":[15],"1":[21],"2":[0,21]},"_coverageSchema":"1a1c01bbd47fc00a2c39e90264f33305004495a9","hash":"f12ce5478d84828088249601dc2cd8e81460bec9"}
,"C:\\Users\\Dharmi\\OneDrive\\Desktop\\Backend_Project 2\\indian_law_penal_code_patel_dharmi\\backend\\src\\utils\\ApiResponse.js": {"path":"C:\\Users\\Dharmi\\OneDrive\\Desktop\\Backend_Project 2\\indian_law_penal_code_patel_dharmi\\backend\\src\\utils\\ApiResponse.js","statementMap":{"0":{"start":{"line":6,"column":8},"end":{"line":6,"column":37}},"1":{"start":{"line":7,"column":8},"end":{"line":7,"column":25}},"2":{"start":{"line":8,"column":8},"end":{"line":8,"column":31}},"3":{"start":{"line":9,"column":8},"end":{"line":9,"column":25}},"4":{"start":{"line":10,"column":8},"end":{"line":10,"column":40}},"5":{"start":{"line":14,"column":0},"end":{"line":14,"column":29}}},"fnMap":{"0":{"name":"(anonymous_0)","decl":{"start":{"line":5,"column":4},"end":{"line":5,"column":5}},"loc":{"start":{"line":5,"column":68},"end":{"line":11,"column":5}},"line":5}},"branchMap":{"0":{"loc":{"start":{"line":5,"column":34},"end":{"line":5,"column":53}},"type":"default-arg","locations":[{"start":{"line":5,"column":44},"end":{"line":5,"column":53}}],"line":5},"1":{"loc":{"start":{"line":5,"column":55},"end":{"line":5,"column":66}},"type":"default-arg","locations":[{"start":{"line":5,"column":62},"end":{"line":5,"column":66}}],"line":5}},"s":{"0":52,"1":52,"2":52,"3":52,"4":52,"5":9},"f":{"0":52},"b":{"0":[0],"1":[43]},"_coverageSchema":"1a1c01bbd47fc00a2c39e90264f33305004495a9","hash":"c5341fcdfbb56dfc5e502a46dafcc5241ab9000a"}
,"C:\\Users\\Dharmi\\OneDrive\\Desktop\\Backend_Project 2\\indian_law_penal_code_patel_dharmi\\backend\\src\\utils\\asyncHandler.js": {"path":"C:\\Users\\Dharmi\\OneDrive\\Desktop\\Backend_Project 2\\indian_law_penal_code_patel_dharmi\\backend\\src\\utils\\asyncHandler.js","statementMap":{"0":{"start":{"line":5,"column":21},"end":{"line":9,"column":1}},"1":{"start":{"line":6,"column":4},"end":{"line":8,"column":6}},"2":{"start":{"line":7,"column":8},"end":{"line":7,"column":82}},"3":{"start":{"line":7,"column":71},"end":{"line":7,"column":80}},"4":{"start":{"line":11,"column":0},"end":{"line":11,"column":30}}},"fnMap":{"0":{"name":"(anonymous_0)","decl":{"start":{"line":5,"column":21},"end":{"line":5,"column":22}},"loc":{"start":{"line":5,"column":41},"end":{"line":9,"column":1}},"line":5},"1":{"name":"(anonymous_1)","decl":{"start":{"line":6,"column":11},"end":{"line":6,"column":12}},"loc":{"start":{"line":6,"column":31},"end":{"line":8,"column":5}},"line":6},"2":{"name":"(anonymous_2)","decl":{"start":{"line":7,"column":62},"end":{"line":7,"column":63}},"loc":{"start":{"line":7,"column":71},"end":{"line":7,"column":80}},"line":7}},"branchMap":{},"s":{"0":9,"1":459,"2":121,"3":12,"4":9},"f":{"0":459,"1":121,"2":12},"b":{},"_coverageSchema":"1a1c01bbd47fc00a2c39e90264f33305004495a9","hash":"8e012bec27bb93c3ee6dec79e8740206c155060d"}
,"C:\\Users\\Dharmi\\OneDrive\\Desktop\\Backend_Project 2\\indian_law_penal_code_patel_dharmi\\backend\\src\\utils\\filterBuilder.js": {"path":"C:\\Users\\Dharmi\\OneDrive\\Desktop\\Backend_Project 2\\indian_law_penal_code_patel_dharmi\\backend\\src\\utils\\filterBuilder.js","statementMap":{"0":{"start":{"line":6,"column":27},"end":{"line":32,"column":1}},"1":{"start":{"line":7,"column":19},"end":{"line":7,"column":21}},"2":{"start":{"line":10,"column":4},"end":{"line":12,"column":5}},"3":{"start":{"line":11,"column":8},"end":{"line":11,"column":39}},"4":{"start":{"line":15,"column":4},"end":{"line":17,"column":5}},"5":{"start":{"line":16,"column":8},"end":{"line":16,"column":47}},"6":{"start":{"line":20,"column":4},"end":{"line":22,"column":5}},"7":{"start":{"line":21,"column":8},"end":{"line":21,"column":58}},"8":{"start":{"line":25,"column":4},"end":{"line":29,"column":5}},"9":{"start":{"line":26,"column":8},"end":{"line":26,"column":56}},"10":{"start":{"line":28,"column":8},"end":{"line":28,"column":34}},"11":{"start":{"line":31,"column":4},"end":{"line":31,"column":18}},"12":{"start":{"line":34,"column":0},"end":{"line":36,"column":2}}},"fnMap":{"0":{"name":"(anonymous_0)","decl":{"start":{"line":6,"column":27},"end":{"line":6,"column":28}},"loc":{"start":{"line":6,"column":38},"end":{"line":32,"column":1}},"line":6}},"branchMap":{"0":{"loc":{"start":{"line":10,"column":4},"end":{"line":12,"column":5}},"type":"if","locations":[{"start":{"line":10,"column":4},"end":{"line":12,"column":5}},{"start":{},"end":{}}],"line":10},"1":{"loc":{"start":{"line":15,"column":4},"end":{"line":17,"column":5}},"type":"if","locations":[{"start":{"line":15,"column":4},"end":{"line":17,"column":5}},{"start":{},"end":{}}],"line":15},"2":{"loc":{"start":{"line":20,"column":4},"end":{"line":22,"column":5}},"type":"if","locations":[{"start":{"line":20,"column":4},"end":{"line":22,"column":5}},{"start":{},"end":{}}],"line":20},"3":{"loc":{"start":{"line":25,"column":4},"end":{"line":29,"column":5}},"type":"if","locations":[{"start":{"line":25,"column":4},"end":{"line":29,"column":5}},{"start":{"line":27,"column":11},"end":{"line":29,"column":5}}],"line":25}},"s":{"0":9,"1":2,"2":2,"3":1,"4":2,"5":0,"6":2,"7":0,"8":2,"9":1,"10":1,"11":2,"12":9},"f":{"0":2},"b":{"0":[1,1],"1":[0,2],"2":[0,2],"3":[1,1]},"_coverageSchema":"1a1c01bbd47fc00a2c39e90264f33305004495a9","hash":"a2fbd67c4cdecfa1c5314498e2a7ab83b53ff58c"}
,"C:\\Users\\Dharmi\\OneDrive\\Desktop\\Backend_Project 2\\indian_law_penal_code_patel_dharmi\\backend\\src\\utils\\paginationUtil.js": {"path":"C:\\Users\\Dharmi\\OneDrive\\Desktop\\Backend_Project 2\\indian_law_penal_code_patel_dharmi\\backend\\src\\utils\\paginationUtil.js","statementMap":{"0":{"start":{"line":8,"column":28},"end":{"line":16,"column":1}},"1":{"start":{"line":9,"column":23},"end":{"line":9,"column":47}},"2":{"start":{"line":10,"column":4},"end":{"line":15,"column":6}},"3":{"start":{"line":24,"column":21},"end":{"line":32,"column":1}},"4":{"start":{"line":25,"column":17},"end":{"line":25,"column":19}},"5":{"start":{"line":26,"column":4},"end":{"line":30,"column":5}},"6":{"start":{"line":27,"column":8},"end":{"line":27,"column":53}},"7":{"start":{"line":29,"column":8},"end":{"line":29,"column":31}},"8":{"start":{"line":31,"column":4},"end":{"line":31,"column":16}},"9":{"start":{"line":34,"column":0},"end":{"line":37,"column":2}}},"fnMap":{"0":{"name":"(anonymous_0)","decl":{"start":{"line":8,"column":28},"end":{"line":8,"column":29}},"loc":{"start":{"line":8,"column":52},"end":{"line":16,"column":1}},"line":8},"1":{"name":"(anonymous_1)","decl":{"start":{"line":24,"column":21},"end":{"line":24,"column":22}},"loc":{"start":{"line":24,"column":44},"end":{"line":32,"column":1}},"line":24}},"branchMap":{"0":{"loc":{"start":{"line":26,"column":4},"end":{"line":30,"column":5}},"type":"if","locations":[{"start":{"line":26,"column":4},"end":{"line":30,"column":5}},{"start":{"line":28,"column":11},"end":{"line":30,"column":5}}],"line":26},"1":{"loc":{"start":{"line":27,"column":23},"end":{"line":27,"column":52}},"type":"cond-expr","locations":[{"start":{"line":27,"column":46},"end":{"line":27,"column":48}},{"start":{"line":27,"column":51},"end":{"line":27,"column":52}}],"line":27}},"s":{"0":9,"1":9,"2":9,"3":9,"4":2,"5":2,"6":0,"7":2,"8":2,"9":9},"f":{"0":9,"1":2},"b":{"0":[0,2],"1":[0,0]},"_coverageSchema":"1a1c01bbd47fc00a2c39e90264f33305004495a9","hash":"a4113d18c72cb56bcad4c307b677255fce4d7aa3"}
,"C:\\Users\\Dharmi\\OneDrive\\Desktop\\Backend_Project 2\\indian_law_penal_code_patel_dharmi\\backend\\src\\validators\\analytics.validator.js": {"path":"C:\\Users\\Dharmi\\OneDrive\\Desktop\\Backend_Project 2\\indian_law_penal_code_patel_dharmi\\backend\\src\\validators\\analytics.validator.js","statementMap":{"0":{"start":{"line":1,"column":18},"end":{"line":1,"column":46}},"1":{"start":{"line":2,"column":17},"end":{"line":2,"column":62}},"2":{"start":{"line":4,"column":25},"end":{"line":6,"column":1}},"3":{"start":{"line":8,"column":32},"end":{"line":10,"column":1}},"4":{"start":{"line":12,"column":34},"end":{"line":21,"column":1}},"5":{"start":{"line":23,"column":26},"end":{"line":30,"column":1}},"6":{"start":{"line":32,"column":29},"end":{"line":39,"column":1}},"7":{"start":{"line":41,"column":27},"end":{"line":48,"column":1}},"8":{"start":{"line":50,"column":27},"end":{"line":57,"column":1}},"9":{"start":{"line":59,"column":0},"end":{"line":67,"column":2}}},"fnMap":{},"branchMap":{},"s":{"0":9,"1":9,"2":9,"3":9,"4":9,"5":9,"6":9,"7":9,"8":9,"9":9},"f":{},"b":{},"_coverageSchema":"1a1c01bbd47fc00a2c39e90264f33305004495a9","hash":"727544915423d7ffc8ce2c49d35d12b311a3ff6d"}
,"C:\\Users\\Dharmi\\OneDrive\\Desktop\\Backend_Project 2\\indian_law_penal_code_patel_dharmi\\backend\\src\\validators\\auth.validator.js": {"path":"C:\\Users\\Dharmi\\OneDrive\\Desktop\\Backend_Project 2\\indian_law_penal_code_patel_dharmi\\backend\\src\\validators\\auth.validator.js","statementMap":{"0":{"start":{"line":1,"column":17},"end":{"line":1,"column":45}},"1":{"start":{"line":3,"column":26},"end":{"line":15,"column":1}},"2":{"start":{"line":17,"column":23},"end":{"line":25,"column":1}},"3":{"start":{"line":27,"column":0},"end":{"line":30,"column":2}}},"fnMap":{},"branchMap":{},"s":{"0":9,"1":9,"2":9,"3":9},"f":{},"b":{},"_coverageSchema":"1a1c01bbd47fc00a2c39e90264f33305004495a9","hash":"ba2371ec8430486f50db5a14b6c093976c59feaf"}
,"C:\\Users\\Dharmi\\OneDrive\\Desktop\\Backend_Project 2\\indian_law_penal_code_patel_dharmi\\backend\\src\\validators\\bookmark.validator.js": {"path":"C:\\Users\\Dharmi\\OneDrive\\Desktop\\Backend_Project 2\\indian_law_penal_code_patel_dharmi\\backend\\src\\validators\\bookmark.validator.js","statementMap":{"0":{"start":{"line":1,"column":31},"end":{"line":1,"column":59}},"1":{"start":{"line":2,"column":17},"end":{"line":2,"column":62}},"2":{"start":{"line":3,"column":17},"end":{"line":3,"column":36}},"3":{"start":{"line":6,"column":24},"end":{"line":11,"column":1}},"4":{"start":{"line":7,"column":4},"end":{"line":9,"column":5}},"5":{"start":{"line":8,"column":8},"end":{"line":8,"column":45}},"6":{"start":{"line":10,"column":4},"end":{"line":10,"column":16}},"7":{"start":{"line":14,"column":26},"end":{"line":19,"column":1}},"8":{"start":{"line":22,"column":27},"end":{"line":33,"column":1}},"9":{"start":{"line":36,"column":29},"end":{"line":51,"column":1}},"10":{"start":{"line":53,"column":0},"end":{"line":57,"column":2}}},"fnMap":{"0":{"name":"(anonymous_0)","decl":{"start":{"line":6,"column":24},"end":{"line":6,"column":25}},"loc":{"start":{"line":6,"column":35},"end":{"line":11,"column":1}},"line":6}},"branchMap":{"0":{"loc":{"start":{"line":7,"column":4},"end":{"line":9,"column":5}},"type":"if","locations":[{"start":{"line":7,"column":4},"end":{"line":9,"column":5}},{"start":{},"end":{}}],"line":7}},"s":{"0":9,"1":9,"2":9,"3":9,"4":5,"5":0,"6":5,"7":9,"8":9,"9":9,"10":9},"f":{"0":5},"b":{"0":[0,5]},"_coverageSchema":"1a1c01bbd47fc00a2c39e90264f33305004495a9","hash":"ac77b4becf18c4dc6c79795df8f2b5ab97b7ff94"}
,"C:\\Users\\Dharmi\\OneDrive\\Desktop\\Backend_Project 2\\indian_law_penal_code_patel_dharmi\\backend\\src\\validators\\search.validator.js": {"path":"C:\\Users\\Dharmi\\OneDrive\\Desktop\\Backend_Project 2\\indian_law_penal_code_patel_dharmi\\backend\\src\\validators\\search.validator.js","statementMap":{"0":{"start":{"line":1,"column":25},"end":{"line":1,"column":53}},"1":{"start":{"line":3,"column":24},"end":{"line":11,"column":1}},"2":{"start":{"line":13,"column":30},"end":{"line":20,"column":1}},"3":{"start":{"line":22,"column":32},"end":{"line":24,"column":1}},"4":{"start":{"line":26,"column":0},"end":{"line":30,"column":2}}},"fnMap":{},"branchMap":{},"s":{"0":9,"1":9,"2":9,"3":9,"4":9},"f":{},"b":{},"_coverageSchema":"1a1c01bbd47fc00a2c39e90264f33305004495a9","hash":"5c16958ff543a9b365f8c6885e0cbbbc7122d12d"}
,"C:\\Users\\Dharmi\\OneDrive\\Desktop\\Backend_Project 2\\indian_law_penal_code_patel_dharmi\\backend\\src\\validators\\section.validator.js": {"path":"C:\\Users\\Dharmi\\OneDrive\\Desktop\\Backend_Project 2\\indian_law_penal_code_patel_dharmi\\backend\\src\\validators\\section.validator.js","statementMap":{"0":{"start":{"line":1,"column":31},"end":{"line":1,"column":59}},"1":{"start":{"line":3,"column":26},"end":{"line":5,"column":1}},"2":{"start":{"line":7,"column":31},"end":{"line":32,"column":1}},"3":{"start":{"line":34,"column":31},"end":{"line":42,"column":1}},"4":{"start":{"line":44,"column":30},"end":{"line":52,"column":1}},"5":{"start":{"line":54,"column":0},"end":{"line":59,"column":2}}},"fnMap":{},"branchMap":{},"s":{"0":9,"1":9,"2":9,"3":9,"4":9,"5":9},"f":{},"b":{},"_coverageSchema":"1a1c01bbd47fc00a2c39e90264f33305004495a9","hash":"b2220cc936e0870b84f2b967cdb78b6e61f10402"}
}
