TN:
SF:server.js
FN:65,(anonymous_0)
FN:72,(anonymous_1)
FNF:2
FNH:2
FNDA:3,(anonymous_0)
FNDA:9,(anonymous_1)
DA:1,9
DA:2,9
DA:3,9
DA:4,9
DA:5,9
DA:6,9
DA:7,9
DA:8,9
DA:9,9
DA:12,9
DA:15,9
DA:18,9
DA:20,9
DA:23,9
DA:36,9
DA:37,9
DA:41,9
DA:42,9
DA:43,9
DA:46,9
DA:47,9
DA:48,9
DA:49,9
DA:50,9
DA:51,9
DA:52,9
DA:53,9
DA:55,9
DA:56,9
DA:57,9
DA:58,9
DA:59,9
DA:60,9
DA:61,9
DA:62,9
DA:65,9
DA:66,3
DA:70,9
DA:72,9
DA:73,9
DA:76,9
LF:41
LH:41
BRDA:38,0,0,9
BRDA:38,0,1,0
BRF:2
BRH:1
end_of_record
TN:
SF:src\config\db.js
FN:6,(anonymous_0)
FNF:1
FNH:1
FNDA:9,(anonymous_0)
DA:1,9
DA:2,9
DA:4,9
DA:6,9
DA:7,9
DA:8,9
DA:9,9
DA:11,0
DA:12,0
DA:16,9
LF:10
LH:8
BRF:0
BRH:0
end_of_record
TN:
SF:src\config\env.js
FN:14,(anonymous_0)
FNF:1
FNH:1
FNDA:9,(anonymous_0)
DA:1,9
DA:3,9
DA:5,9
DA:14,9
DA:15,9
DA:16,9
DA:17,9
DA:19,9
DA:20,0
DA:24,9
LF:10
LH:9
BRDA:6,0,0,9
BRDA:6,0,1,0
BRDA:9,1,0,9
BRDA:9,1,1,0
BRDA:10,2,0,9
BRDA:10,2,1,0
BRDA:11,3,0,9
BRDA:11,3,1,0
BRDA:16,4,0,0
BRDA:16,4,1,9
BRDA:17,5,0,0
BRDA:17,5,1,9
BRDA:19,6,0,0
BRDA:19,6,1,9
BRF:14
BRH:7
end_of_record
TN:
SF:src\controllers\act.controller.js
FN:5,(anonymous_0)
FN:12,(anonymous_1)
FN:20,(anonymous_2)
FN:30,(anonymous_3)
FN:38,(anonymous_4)
FNF:5
FNH:5
FNDA:1,(anonymous_0)
FNDA:2,(anonymous_1)
FNDA:2,(anonymous_2)
FNDA:1,(anonymous_3)
FNDA:1,(anonymous_4)
DA:1,9
DA:2,9
DA:3,9
DA:5,9
DA:6,1
DA:7,1
DA:12,9
DA:13,2
DA:14,2
DA:15,1
DA:20,9
DA:21,2
DA:22,2
DA:24,2
DA:25,2
DA:30,9
DA:31,1
DA:32,1
DA:33,1
DA:38,9
DA:39,1
DA:40,1
DA:41,1
DA:46,9
LF:24
LH:24
BRF:0
BRH:0
end_of_record
TN:
SF:src\controllers\analytics.controller.js
FN:5,(anonymous_0)
FN:12,(anonymous_1)
FN:19,(anonymous_2)
FN:27,(anonymous_3)
FN:35,(anonymous_4)
FN:43,(anonymous_5)
FN:51,(anonymous_6)
FNF:7
FNH:5
FNDA:1,(anonymous_0)
FNDA:1,(anonymous_1)
FNDA:0,(anonymous_2)
FNDA:1,(anonymous_3)
FNDA:1,(anonymous_4)
FNDA:0,(anonymous_5)
FNDA:1,(anonymous_6)
DA:1,9
DA:2,9
DA:3,9
DA:5,9
DA:6,1
DA:7,1
DA:12,9
DA:13,1
DA:14,1
DA:19,9
DA:20,0
DA:21,0
DA:22,0
DA:27,9
DA:28,1
DA:29,1
DA:30,1
DA:35,9
DA:36,1
DA:37,1
DA:38,1
DA:43,9
DA:44,0
DA:45,0
DA:46,0
DA:51,9
DA:52,1
DA:53,1
DA:54,1
DA:59,9
LF:30
LH:24
BRF:0
BRH:0
end_of_record
TN:
SF:src\controllers\auth.controller.js
FN:10,(anonymous_0)
FN:24,(anonymous_1)
FN:38,(anonymous_2)
FN:58,(anonymous_3)
FN:69,(anonymous_4)
FNF:5
FNH:5
FNDA:2,(anonymous_0)
FNDA:5,(anonymous_1)
FNDA:1,(anonymous_2)
FNDA:1,(anonymous_3)
FNDA:1,(anonymous_4)
DA:1,9
DA:2,9
DA:3,9
DA:10,9
DA:11,2
DA:12,2
DA:14,1
DA:24,9
DA:25,5
DA:26,5
DA:28,4
DA:38,9
DA:39,1
DA:41,1
DA:42,0
DA:43,0
DA:46,1
DA:48,1
DA:58,9
DA:59,1
DA:69,9
DA:70,1
DA:75,9
LF:23
LH:21
BRDA:41,0,0,0
BRDA:41,0,1,1
BRF:2
BRH:1
end_of_record
TN:
SF:src\controllers\bookmark.controller.js
FN:5,(anonymous_0)
FN:16,(anonymous_1)
FN:27,(anonymous_2)
FN:43,(anonymous_3)
FN:54,(anonymous_4)
FNF:5
FNH:5
FNDA:2,(anonymous_0)
FNDA:1,(anonymous_1)
FNDA:1,(anonymous_2)
FNDA:1,(anonymous_3)
FNDA:1,(anonymous_4)
DA:1,9
DA:2,9
DA:3,9
DA:5,9
DA:6,2
DA:7,2
DA:9,2
DA:11,2
DA:16,9
DA:17,1
DA:18,1
DA:20,1
DA:22,1
DA:27,9
DA:28,1
DA:29,1
DA:31,1
DA:38,1
DA:43,9
DA:44,1
DA:45,1
DA:47,1
DA:49,1
DA:54,9
DA:55,1
DA:56,1
DA:57,1
DA:59,1
DA:61,1
DA:66,9
LF:30
LH:30
BRF:0
BRH:0
end_of_record
TN:
SF:src\controllers\note.controller.js
FN:9,(anonymous_0)
FN:23,(anonymous_1)
FN:38,(anonymous_2)
FN:54,(anonymous_3)
FNF:4
FNH:4
FNDA:2,(anonymous_0)
FNDA:1,(anonymous_1)
FNDA:2,(anonymous_2)
FNDA:3,(anonymous_3)
DA:1,9
DA:2,9
DA:3,9
DA:9,9
DA:10,2
DA:12,2
DA:14,2
DA:23,9
DA:24,1
DA:25,1
DA:27,1
DA:29,1
DA:38,9
DA:39,2
DA:40,2
DA:41,2
DA:43,2
DA:45,1
DA:54,9
DA:55,3
DA:56,3
DA:58,3
DA:60,1
DA:65,9
LF:24
LH:24
BRF:0
BRH:0
end_of_record
TN:
SF:src\controllers\search.controller.js
FN:6,(anonymous_0)
FN:26,(anonymous_1)
FN:45,(anonymous_2)
FN:52,(anonymous_3)
FNF:4
FNH:2
FNDA:1,(anonymous_0)
FNDA:2,(anonymous_1)
FNDA:0,(anonymous_2)
FNDA:0,(anonymous_3)
DA:1,9
DA:2,9
DA:3,9
DA:4,9
DA:6,9
DA:7,1
DA:9,1
DA:10,0
DA:13,1
DA:21,1
DA:26,9
DA:27,2
DA:29,2
DA:30,0
DA:33,2
DA:40,2
DA:45,9
DA:46,0
DA:47,0
DA:52,9
DA:53,0
DA:54,0
DA:55,0
DA:57,0
DA:62,9
LF:25
LH:17
BRDA:9,0,0,0
BRDA:9,0,1,1
BRDA:9,1,0,1
BRDA:9,1,1,1
BRDA:29,2,0,0
BRDA:29,2,1,2
BRDA:29,3,0,2
BRDA:29,3,1,2
BRDA:54,4,0,0
BRDA:54,4,1,0
BRF:10
BRH:6
end_of_record
TN:
SF:src\controllers\section.controller.js
FN:9,(anonymous_0)
FN:24,(anonymous_1)
FN:40,(anonymous_2)
FN:47,(anonymous_3)
FN:63,(anonymous_4)
FN:79,(anonymous_5)
FN:95,(anonymous_6)
FN:111,(anonymous_7)
FN:127,(anonymous_8)
FN:134,(anonymous_9)
FN:141,(anonymous_10)
FN:148,(anonymous_11)
FN:155,(anonymous_12)
FN:162,(anonymous_13)
FNF:14
FNH:13
FNDA:5,(anonymous_0)
FNDA:1,(anonymous_1)
FNDA:2,(anonymous_2)
FNDA:0,(anonymous_3)
FNDA:1,(anonymous_4)
FNDA:1,(anonymous_5)
FNDA:1,(anonymous_6)
FNDA:1,(anonymous_7)
FNDA:1,(anonymous_8)
FNDA:1,(anonymous_9)
FNDA:1,(anonymous_10)
FNDA:1,(anonymous_11)
FNDA:1,(anonymous_12)
FNDA:1,(anonymous_13)
DA:1,9
DA:2,9
DA:3,9
DA:4,9
DA:9,9
DA:10,5
DA:11,5
DA:20,0
DA:24,9
DA:25,1
DA:27,1
DA:35,1
DA:40,9
DA:41,2
DA:42,1
DA:47,9
DA:48,0
DA:50,0
DA:58,0
DA:63,9
DA:64,1
DA:66,1
DA:74,1
DA:79,9
DA:80,1
DA:82,1
DA:90,1
DA:95,9
DA:96,1
DA:98,1
DA:106,1
DA:111,9
DA:112,1
DA:114,1
DA:122,1
DA:127,9
DA:128,1
DA:129,1
DA:134,9
DA:135,1
DA:136,1
DA:141,9
DA:142,1
DA:143,1
DA:148,9
DA:149,1
DA:150,1
DA:155,9
DA:156,1
DA:157,1
DA:162,9
DA:164,1
DA:165,1
DA:166,1
DA:171,9
LF:55
LH:51
BRF:0
BRH:0
end_of_record
TN:
SF:src\controllers\user.controller.js
FN:5,(anonymous_0)
FN:26,(anonymous_1)
FN:35,(anonymous_2)
FN:46,(anonymous_3)
FN:57,(anonymous_4)
FN:66,(anonymous_5)
FN:74,(anonymous_6)
FNF:7
FNH:7
FNDA:1,(anonymous_0)
FNDA:1,(anonymous_1)
FNDA:1,(anonymous_2)
FNDA:1,(anonymous_3)
FNDA:1,(anonymous_4)
FNDA:1,(anonymous_5)
FNDA:1,(anonymous_6)
DA:1,9
DA:2,9
DA:3,9
DA:5,9
DA:6,1
DA:9,1
DA:10,0
DA:13,1
DA:21,1
DA:26,9
DA:27,1
DA:28,1
DA:30,1
DA:35,9
DA:36,1
DA:37,1
DA:39,1
DA:41,1
DA:46,9
DA:47,1
DA:48,1
DA:50,1
DA:52,1
DA:57,9
DA:58,1
DA:59,1
DA:61,1
DA:66,9
DA:67,1
DA:69,1
DA:74,9
DA:75,1
DA:76,1
DA:78,1
DA:85,1
DA:90,9
LF:36
LH:35
BRDA:9,0,0,0
BRDA:9,0,1,1
BRF:2
BRH:1
end_of_record
TN:
SF:src\middlewares\auth.middleware.js
FN:9,(anonymous_0)
FN:43,(anonymous_1)
FN:44,(anonymous_2)
FNF:3
FNH:3
FNDA:62,(anonymous_0)
FNDA:36,(anonymous_1)
FNDA:20,(anonymous_2)
DA:1,9
DA:2,9
DA:3,9
DA:4,9
DA:9,9
DA:12,62
DA:16,58
DA:19,62
DA:20,4
DA:23,58
DA:25,58
DA:28,57
DA:30,57
DA:31,0
DA:34,57
DA:36,1
DA:43,9
DA:44,36
DA:45,20
DA:46,3
DA:51,17
DA:55,9
LF:22
LH:21
BRDA:12,0,0,58
BRDA:12,0,1,4
BRDA:13,1,0,62
BRDA:13,1,1,58
BRDA:19,2,0,4
BRDA:19,2,1,58
BRDA:30,3,0,0
BRDA:30,3,1,57
BRDA:45,4,0,3
BRDA:45,4,1,17
BRF:10
BRH:9
end_of_record
TN:
SF:src\middlewares\error.middleware.js
FN:3,(anonymous_0)
FNF:1
FNH:1
FNDA:20,(anonymous_0)
DA:1,9
DA:3,9
DA:4,20
DA:6,20
DA:7,0
DA:8,0
DA:11,20
DA:19,9
LF:8
LH:6
BRDA:6,0,0,0
BRDA:6,0,1,20
BRDA:14,1,0,20
BRDA:14,1,1,20
BRDA:15,2,0,0
BRDA:15,2,1,20
BRF:6
BRH:4
end_of_record
TN:
SF:src\middlewares\logger.middleware.js
FNF:0
FNH:0
DA:1,9
DA:8,9
DA:12,9
LF:3
LH:3
BRDA:8,0,0,0
BRDA:8,0,1,9
BRF:2
BRH:1
end_of_record
TN:
SF:src\middlewares\validate.middleware.js
FN:7,(anonymous_0)
FN:10,(anonymous_1)
FNF:2
FNH:2
FNDA:43,(anonymous_0)
FNDA:12,(anonymous_1)
DA:1,9
DA:2,9
DA:7,9
DA:8,43
DA:9,43
DA:10,12
DA:11,6
DA:13,37
DA:16,9
LF:9
LH:9
BRDA:9,0,0,6
BRDA:9,0,1,37
BRF:2
BRH:2
end_of_record
TN:
SF:src\models\Act.models.js
FNF:0
FNH:0
DA:1,9
DA:3,9
DA:34,9
DA:36,9
LF:4
LH:4
BRF:0
BRH:0
end_of_record
TN:
SF:src\models\AuditLog.models.js
FNF:0
FNH:0
DA:1,10
DA:3,10
DA:32,10
DA:33,10
LF:4
LH:4
BRF:0
BRH:0
end_of_record
TN:
SF:src\models\Bookmark.models.js
FNF:0
FNH:0
DA:1,10
DA:3,10
DA:23,10
DA:25,10
DA:26,10
LF:5
LH:5
BRF:0
BRH:0
end_of_record
TN:
SF:src\models\Note.models.js
FNF:0
FNH:0
DA:1,10
DA:3,10
DA:24,10
DA:25,10
LF:4
LH:4
BRF:0
BRH:0
end_of_record
TN:
SF:src\models\SearchLog.models.js
FNF:0
FNH:0
DA:1,10
DA:3,10
DA:26,10
DA:27,10
LF:4
LH:4
BRF:0
BRH:0
end_of_record
TN:
SF:src\models\Section.models.js
FNF:0
FNH:0
DA:1,10
DA:3,10
DA:53,10
DA:56,10
DA:58,10
DA:59,10
LF:6
LH:6
BRF:0
BRH:0
end_of_record
TN:
SF:src\models\User.models.js
FN:47,(anonymous_0)
FN:54,(anonymous_1)
FNF:2
FNH:2
FNDA:19,(anonymous_0)
FNDA:5,(anonymous_1)
DA:1,10
DA:3,10
DA:47,10
DA:48,19
DA:49,12
DA:50,12
DA:54,10
DA:55,5
DA:56,5
DA:59,10
DA:60,10
LF:11
LH:11
BRDA:48,0,0,7
BRDA:48,0,1,12
BRF:2
BRH:2
end_of_record
TN:
SF:src\routes\v1\act.routes.js
FNF:0
FNH:0
DA:1,9
DA:2,9
DA:3,9
DA:4,9
DA:7,9
DA:9,9
DA:10,9
DA:11,9
DA:12,9
DA:13,9
DA:15,9
LF:11
LH:11
BRF:0
BRH:0
end_of_record
TN:
SF:src\routes\v1\analytics.routes.js
FNF:0
FNH:0
DA:1,9
DA:2,9
DA:3,9
DA:4,9
DA:13,9
DA:16,9
DA:17,9
DA:19,9
DA:20,9
DA:21,9
DA:22,9
DA:23,9
DA:24,9
DA:25,9
DA:27,9
LF:15
LH:15
BRF:0
BRH:0
end_of_record
TN:
SF:src\routes\v1\auth.routes.js
FNF:0
FNH:0
DA:1,9
DA:2,9
DA:3,9
DA:4,9
DA:5,9
DA:6,9
DA:8,9
DA:9,9
DA:10,9
DA:11,9
DA:12,9
DA:14,9
LF:12
LH:12
BRF:0
BRH:0
end_of_record
TN:
SF:src\routes\v1\bookmark.routes.js
FNF:0
FNH:0
DA:1,9
DA:2,9
DA:3,9
DA:4,9
DA:9,9
DA:12,9
DA:14,9
DA:17,9
DA:21,9
DA:22,9
DA:24,9
LF:11
LH:11
BRF:0
BRH:0
end_of_record
TN:
SF:src\routes\v1\note.routes.js
FNF:0
FNH:0
DA:1,9
DA:2,9
DA:3,9
DA:4,9
DA:5,9
DA:6,9
DA:9,9
DA:12,9
DA:22,9
DA:31,9
DA:38,9
DA:42,9
DA:46,9
LF:13
LH:13
BRF:0
BRH:0
end_of_record
TN:
SF:src\routes\v1\search.routes.js
FN:9,(anonymous_0)
FN:11,(anonymous_1)
FNF:2
FNH:2
FNDA:3,(anonymous_0)
FNDA:3,(anonymous_1)
DA:1,9
DA:2,9
DA:3,9
DA:4,9
DA:5,9
DA:6,9
DA:9,9
DA:11,3
DA:12,3
DA:16,9
LF:10
LH:10
BRF:0
BRH:0
end_of_record
TN:
SF:src\routes\v1\section.routes.js
FNF:0
FNH:0
DA:1,9
DA:2,9
DA:3,9
DA:4,9
DA:5,9
DA:6,9
DA:7,9
DA:13,9
DA:14,9
DA:17,9
DA:20,9
DA:21,9
DA:22,9
DA:23,9
DA:24,9
DA:25,9
DA:28,9
DA:30,9
DA:31,9
DA:32,9
DA:33,9
DA:36,9
DA:38,9
DA:40,9
DA:45,9
DA:46,9
DA:48,9
LF:27
LH:27
BRF:0
BRH:0
end_of_record
TN:
SF:src\routes\v1\user.routes.js
FNF:0
FNH:0
DA:1,9
DA:2,9
DA:3,9
DA:4,9
DA:6,9
DA:8,9
DA:10,9
DA:12,9
DA:15,9
DA:17,9
DA:21,9
DA:22,9
DA:24,9
LF:13
LH:13
BRF:0
BRH:0
end_of_record
TN:
SF:src\services\act.service.js
FN:6,(anonymous_0)
FN:10,(anonymous_1)
FN:18,(anonymous_2)
FN:35,(anonymous_3)
FN:51,(anonymous_4)
FNF:5
FNH:5
FNDA:1,(anonymous_0)
FNDA:3,(anonymous_1)
FNDA:2,(anonymous_2)
FNDA:1,(anonymous_3)
FNDA:1,(anonymous_4)
DA:1,9
DA:2,9
DA:3,9
DA:4,9
DA:6,9
DA:7,1
DA:10,9
DA:11,3
DA:12,3
DA:13,1
DA:15,2
DA:18,9
DA:19,2
DA:20,2
DA:22,2
DA:31,2
DA:32,2
DA:35,9
DA:37,1
DA:48,1
DA:51,9
DA:52,1
DA:54,1
DA:80,1
DA:83,1
DA:87,1
DA:95,9
LF:27
LH:27
BRDA:12,0,0,1
BRDA:12,0,1,2
BRDA:18,1,0,2
BRDA:18,2,0,2
BRDA:80,3,0,1
BRDA:80,3,1,0
BRDA:83,4,0,1
BRDA:83,4,1,0
BRF:8
BRH:6
end_of_record
TN:
SF:src\services\analytics.service.js
FN:10,(anonymous_0)
FN:29,(anonymous_1)
FN:46,(anonymous_2)
FN:82,(anonymous_3)
FN:92,(anonymous_4)
FN:124,(anonymous_5)
FN:156,(anonymous_6)
FNF:7
FNH:5
FNDA:1,(anonymous_0)
FNDA:1,(anonymous_1)
FNDA:0,(anonymous_2)
FNDA:1,(anonymous_3)
FNDA:1,(anonymous_4)
FNDA:0,(anonymous_5)
FNDA:1,(anonymous_6)
DA:1,9
DA:2,9
DA:3,9
DA:4,9
DA:5,9
DA:10,9
DA:11,1
DA:18,1
DA:29,9
DA:30,1
DA:46,9
DA:47,0
DA:48,0
DA:49,0
DA:52,0
DA:82,9
DA:83,1
DA:92,9
DA:93,1
DA:94,1
DA:96,1
DA:124,9
DA:125,0
DA:126,0
DA:128,0
DA:156,9
DA:157,1
DA:176,9
LF:28
LH:21
BRDA:48,0,0,0
BRDA:48,0,1,0
BRDA:82,1,0,0
BRDA:92,2,0,0
BRDA:124,3,0,0
BRDA:156,4,0,0
BRF:6
BRH:0
end_of_record
TN:
SF:src\services\auth.service.js
FN:9,(anonymous_0)
FN:28,(anonymous_1)
FN:56,(anonymous_2)
FN:79,(anonymous_3)
FNF:4
FNH:4
FNDA:17,(anonymous_0)
FNDA:2,(anonymous_1)
FNDA:5,(anonymous_2)
FNDA:1,(anonymous_3)
DA:1,9
DA:2,9
DA:3,9
DA:4,9
DA:9,9
DA:10,17
DA:16,17
DA:22,17
DA:28,9
DA:29,2
DA:30,2
DA:31,1
DA:34,1
DA:40,1
DA:43,1
DA:44,1
DA:46,1
DA:47,1
DA:48,1
DA:50,1
DA:56,9
DA:57,5
DA:59,5
DA:60,1
DA:63,4
DA:66,4
DA:67,4
DA:69,4
DA:70,4
DA:71,4
DA:73,4
DA:79,9
DA:80,1
DA:81,1
DA:86,1
DA:88,1
DA:89,0
DA:92,1
DA:95,1
DA:96,1
DA:98,1
DA:100,0
DA:104,9
LF:43
LH:41
BRDA:13,0,0,17
BRDA:13,0,1,0
BRDA:18,1,0,17
BRDA:18,1,1,17
BRDA:19,2,0,17
BRDA:19,2,1,17
BRDA:30,3,0,1
BRDA:30,3,1,1
BRDA:59,4,0,1
BRDA:59,4,1,4
BRDA:59,5,0,5
BRDA:59,5,1,5
BRDA:83,6,0,1
BRDA:83,6,1,1
BRDA:88,7,0,0
BRDA:88,7,1,1
BRDA:88,8,0,1
BRDA:88,8,1,1
BRF:18
BRH:16
end_of_record
TN:
SF:src\services\bookmark.service.js
FN:6,(anonymous_0)
FN:23,(anonymous_1)
FN:33,(anonymous_2)
FN:83,(anonymous_3)
FN:88,(anonymous_4)
FNF:5
FNH:5
FNDA:2,(anonymous_0)
FNDA:1,(anonymous_1)
FNDA:1,(anonymous_2)
FNDA:1,(anonymous_3)
FNDA:1,(anonymous_4)
DA:1,9
DA:2,9
DA:3,9
DA:4,9
DA:6,9
DA:8,2
DA:9,2
DA:10,0
DA:14,2
DA:20,2
DA:23,9
DA:24,1
DA:26,1
DA:27,0
DA:30,1
DA:33,9
DA:34,1
DA:36,1
DA:49,1
DA:50,0
DA:53,1
DA:77,1
DA:78,1
DA:80,1
DA:83,9
DA:84,1
DA:85,1
DA:88,9
DA:89,1
DA:95,1
DA:96,0
DA:99,1
DA:102,9
LF:33
LH:29
BRDA:9,0,0,0
BRDA:9,0,1,2
BRDA:26,1,0,0
BRDA:26,1,1,1
BRDA:33,2,0,1
BRDA:33,3,0,1
BRDA:49,4,0,0
BRDA:49,4,1,1
BRDA:77,5,0,1
BRDA:77,5,1,0
BRDA:95,6,0,0
BRDA:95,6,1,1
BRF:12
BRH:7
end_of_record
TN:
SF:src\services\note.service.js
FN:9,(anonymous_0)
FN:20,(anonymous_1)
FN:36,(anonymous_2)
FN:52,(anonymous_3)
FNF:4
FNH:4
FNDA:2,(anonymous_0)
FNDA:1,(anonymous_1)
FNDA:2,(anonymous_2)
FNDA:3,(anonymous_3)
DA:1,9
DA:2,9
DA:3,9
DA:9,9
DA:10,2
DA:14,2
DA:20,9
DA:22,1
DA:23,1
DA:24,0
DA:27,1
DA:30,1
DA:36,9
DA:37,2
DA:39,2
DA:40,1
DA:43,1
DA:44,1
DA:46,1
DA:52,9
DA:53,3
DA:55,3
DA:56,2
DA:59,1
DA:62,9
LF:25
LH:24
BRDA:23,0,0,0
BRDA:23,0,1,1
BRDA:39,1,0,1
BRDA:39,1,1,1
BRDA:55,2,0,2
BRDA:55,2,1,1
BRF:6
BRH:5
end_of_record
TN:
SF:src\services\search.service.js
FN:9,(anonymous_0)
FN:66,(anonymous_1)
FN:73,(anonymous_2)
FN:84,(anonymous_3)
FN:95,(anonymous_4)
FN:105,(anonymous_5)
FNF:6
FNH:2
FNDA:3,(anonymous_0)
FNDA:2,(anonymous_1)
FNDA:0,(anonymous_2)
FNDA:0,(anonymous_3)
FNDA:0,(anonymous_4)
FNDA:0,(anonymous_5)
DA:1,9
DA:2,9
DA:3,9
DA:4,9
DA:9,9
DA:10,3
DA:11,3
DA:14,3
DA:16,3
DA:19,3
DA:29,3
DA:30,1
DA:31,1
DA:40,1
DA:51,3
DA:58,3
DA:60,3
DA:66,9
DA:67,2
DA:73,9
DA:74,0
DA:84,9
DA:85,0
DA:95,9
DA:96,0
DA:105,9
DA:106,0
DA:107,0
DA:110,0
DA:119,9
LF:30
LH:24
BRDA:9,0,0,1
BRDA:9,1,0,1
BRDA:9,2,0,0
BRDA:11,3,0,1
BRDA:11,3,1,2
BRDA:29,4,0,1
BRDA:29,4,1,2
BRDA:54,5,0,3
BRDA:54,5,1,2
BRDA:66,6,0,2
BRDA:66,7,0,2
BRDA:66,8,0,1
BRDA:107,9,0,0
BRDA:107,9,1,0
BRF:14
BRH:11
end_of_record
TN:
SF:src\services\section.service.js
FN:9,(anonymous_0)
FN:26,(anonymous_1)
FN:43,(anonymous_2)
FN:60,(anonymous_3)
FN:77,(anonymous_4)
FN:94,(anonymous_5)
FN:107,(anonymous_6)
FN:116,(anonymous_7)
FN:124,(anonymous_8)
FN:148,(anonymous_9)
FN:163,(anonymous_10)
FN:173,(anonymous_11)
FNF:12
FNH:11
FNDA:1,(anonymous_0)
FNDA:2,(anonymous_1)
FNDA:0,(anonymous_2)
FNDA:1,(anonymous_3)
FNDA:1,(anonymous_4)
FNDA:1,(anonymous_5)
FNDA:1,(anonymous_6)
FNDA:1,(anonymous_7)
FNDA:2,(anonymous_8)
FNDA:1,(anonymous_9)
FNDA:1,(anonymous_10)
FNDA:1,(anonymous_11)
DA:1,9
DA:2,9
DA:3,9
DA:4,9
DA:9,9
DA:10,1
DA:15,1
DA:16,0
DA:19,1
DA:20,1
DA:26,9
DA:27,2
DA:33,2
DA:34,1
DA:37,1
DA:43,9
DA:44,0
DA:50,0
DA:51,0
DA:54,0
DA:60,9
DA:61,1
DA:67,1
DA:68,0
DA:71,1
DA:77,9
DA:78,1
DA:84,1
DA:85,0
DA:88,1
DA:94,9
DA:95,1
DA:97,1
DA:98,0
DA:101,1
DA:107,9
DA:108,1
DA:109,1
DA:110,1
DA:116,9
DA:117,1
DA:118,1
DA:124,9
DA:125,2
DA:127,2
DA:128,2
DA:129,2
DA:131,2
DA:140,2
DA:142,2
DA:148,9
DA:149,1
DA:150,1
DA:152,1
DA:153,1
DA:157,1
DA:163,9
DA:164,1
DA:173,9
DA:174,1
DA:180,9
LF:61
LH:53
BRDA:15,0,0,0
BRDA:15,0,1,1
BRDA:33,1,0,1
BRDA:33,1,1,1
BRDA:33,2,0,2
BRDA:33,2,1,1
BRDA:50,3,0,0
BRDA:50,3,1,0
BRDA:67,4,0,0
BRDA:67,4,1,1
BRDA:84,5,0,0
BRDA:84,5,1,1
BRDA:97,6,0,0
BRDA:97,6,1,1
BRDA:109,7,0,0
BRDA:109,7,1,1
BRDA:125,8,0,2
BRDA:125,9,0,1
BRDA:150,10,0,0
BRDA:150,10,1,1
BRDA:163,11,0,1
BRDA:173,12,0,1
BRF:22
BRH:14
end_of_record
TN:
SF:src\services\user.service.js
FN:6,(anonymous_0)
FN:33,(anonymous_1)
FN:41,(anonymous_2)
FN:59,(anonymous_3)
FN:72,(anonymous_4)
FN:85,(anonymous_5)
FN:106,(anonymous_6)
FNF:7
FNH:7
FNDA:1,(anonymous_0)
FNDA:1,(anonymous_1)
FNDA:1,(anonymous_2)
FNDA:1,(anonymous_3)
FNDA:1,(anonymous_4)
FNDA:1,(anonymous_5)
FNDA:1,(anonymous_6)
DA:1,9
DA:2,9
DA:3,9
DA:4,9
DA:6,9
DA:7,1
DA:8,1
DA:9,1
DA:11,1
DA:12,0
DA:18,1
DA:20,1
DA:29,1
DA:30,1
DA:33,9
DA:34,1
DA:35,1
DA:36,0
DA:38,1
DA:41,9
DA:42,1
DA:43,1
DA:44,0
DA:47,1
DA:53,1
DA:54,0
DA:56,1
DA:59,9
DA:60,1
DA:66,1
DA:67,0
DA:69,1
DA:72,9
DA:73,1
DA:79,1
DA:80,0
DA:82,1
DA:85,9
DA:86,1
DA:103,1
DA:106,9
DA:107,1
DA:109,1
DA:110,1
DA:111,0
DA:114,1
DA:115,0
DA:116,0
DA:119,0
DA:120,0
DA:121,0
DA:124,0
DA:127,1
DA:128,1
DA:130,1
DA:132,1
DA:133,1
DA:135,1
DA:138,9
LF:59
LH:46
BRDA:6,0,0,1
BRDA:6,1,0,1
BRDA:8,2,0,0
BRDA:8,2,1,1
BRDA:9,3,0,0
BRDA:9,3,1,1
BRDA:11,4,0,0
BRDA:11,4,1,1
BRDA:35,5,0,0
BRDA:35,5,1,1
BRDA:43,6,0,0
BRDA:43,6,1,1
BRDA:53,7,0,0
BRDA:53,7,1,1
BRDA:66,8,0,0
BRDA:66,8,1,1
BRDA:79,9,0,0
BRDA:79,9,1,1
BRDA:103,10,0,1
BRDA:103,10,1,0
BRDA:110,11,0,0
BRDA:110,11,1,1
BRDA:114,12,0,0
BRDA:114,12,1,1
BRDA:115,13,0,0
BRDA:115,13,1,0
BRDA:120,14,0,0
BRDA:120,14,1,0
BRDA:127,15,0,1
BRDA:127,15,1,0
BRDA:128,16,0,0
BRDA:128,16,1,1
BRF:32
BRH:15
end_of_record
TN:
SF:src\utils\ApiError.js
FN:2,(anonymous_0)
FNF:1
FNH:1
FNDA:21,(anonymous_0)
DA:3,21
DA:4,21
DA:5,21
DA:6,21
DA:7,0
DA:9,21
DA:14,9
LF:7
LH:6
BRDA:2,0,0,15
BRDA:2,1,0,21
BRDA:6,2,0,0
BRDA:6,2,1,21
BRF:4
BRH:3
end_of_record
TN:
SF:src\utils\ApiResponse.js
FN:5,(anonymous_0)
FNF:1
FNH:1
FNDA:52,(anonymous_0)
DA:6,52
DA:7,52
DA:8,52
DA:9,52
DA:10,52
DA:14,9
LF:6
LH:6
BRDA:5,0,0,0
BRDA:5,1,0,43
BRF:2
BRH:1
end_of_record
TN:
SF:src\utils\asyncHandler.js
FN:5,(anonymous_0)
FN:6,(anonymous_1)
FN:7,(anonymous_2)
FNF:3
FNH:3
FNDA:459,(anonymous_0)
FNDA:121,(anonymous_1)
FNDA:12,(anonymous_2)
DA:5,9
DA:6,459
DA:7,121
DA:11,9
LF:4
LH:4
BRF:0
BRH:0
end_of_record
TN:
SF:src\utils\filterBuilder.js
FN:6,(anonymous_0)
FNF:1
FNH:1
FNDA:2,(anonymous_0)
DA:6,9
DA:7,2
DA:10,2
DA:11,1
DA:15,2
DA:16,0
DA:20,2
DA:21,0
DA:25,2
DA:26,1
DA:28,1
DA:31,2
DA:34,9
LF:13
LH:11
BRDA:10,0,0,1
BRDA:10,0,1,1
BRDA:15,1,0,0
BRDA:15,1,1,2
BRDA:20,2,0,0
BRDA:20,2,1,2
BRDA:25,3,0,1
BRDA:25,3,1,1
BRF:8
BRH:6
end_of_record
TN:
SF:src\utils\paginationUtil.js
FN:8,(anonymous_0)
FN:24,(anonymous_1)
FNF:2
FNH:2
FNDA:9,(anonymous_0)
FNDA:2,(anonymous_1)
DA:8,9
DA:9,9
DA:10,9
DA:24,9
DA:25,2
DA:26,2
DA:27,0
DA:29,2
DA:31,2
DA:34,9
LF:10
LH:9
BRDA:26,0,0,0
BRDA:26,0,1,2
BRDA:27,1,0,0
BRDA:27,1,1,0
BRF:4
BRH:1
end_of_record
TN:
SF:src\validators\analytics.validator.js
FNF:0
FNH:0
DA:1,9
DA:2,9
DA:4,9
DA:8,9
DA:12,9
DA:23,9
DA:32,9
DA:41,9
DA:50,9
DA:59,9
LF:10
LH:10
BRF:0
BRH:0
end_of_record
TN:
SF:src\validators\auth.validator.js
FNF:0
FNH:0
DA:1,9
DA:3,9
DA:17,9
DA:27,9
LF:4
LH:4
BRF:0
BRH:0
end_of_record
TN:
SF:src\validators\bookmark.validator.js
FN:6,(anonymous_0)
FNF:1
FNH:1
FNDA:5,(anonymous_0)
DA:1,9
DA:2,9
DA:3,9
DA:6,9
DA:7,5
DA:8,0
DA:10,5
DA:14,9
DA:22,9
DA:36,9
DA:53,9
LF:11
LH:10
BRDA:7,0,0,0
BRDA:7,0,1,5
BRF:2
BRH:1
end_of_record
TN:
SF:src\validators\search.validator.js
FNF:0
FNH:0
DA:1,9
DA:3,9
DA:13,9
DA:22,9
DA:26,9
LF:5
LH:5
BRF:0
BRH:0
end_of_record
TN:
SF:src\validators\section.validator.js
FNF:0
FNH:0
DA:1,9
DA:3,9
DA:7,9
DA:34,9
DA:44,9
DA:54,9
LF:6
LH:6
BRF:0
BRH:0
end_of_record
